SF:c:\Projects\TransactionProcessing\EstateManagementUI\EstateManagementUI.BusinessLogic\RequestHandlers\ContractRequestHandler.cs
FN:13,System.Void EstateManagementUI.BusinessLogic.RequestHandlers.ContractRequestHandler::.ctor(EstateManagementUI.BusinessLogic.Clients.IApiClient)
FNDA:2,System.Void EstateManagementUI.BusinessLogic.RequestHandlers.ContractRequestHandler::.ctor(EstateManagementUI.BusinessLogic.Clients.IApiClient)
DA:14,2
DA:15,2
DA:16,2
DA:17,2
FN:19,System.Void EstateManagementUI.BusinessLogic.RequestHandlers.ContractRequestHandler/<Handle>d__2::MoveNext()
FNDA:1,System.Void EstateManagementUI.BusinessLogic.RequestHandlers.ContractRequestHandler/<Handle>d__2::MoveNext()
DA:20,1
DA:21,1
DA:22,1
DA:23,1
FN:25,System.Void EstateManagementUI.BusinessLogic.RequestHandlers.ContractRequestHandler/<Handle>d__3::MoveNext()
FNDA:1,System.Void EstateManagementUI.BusinessLogic.RequestHandlers.ContractRequestHandler/<Handle>d__3::MoveNext()
DA:26,1
DA:27,1
DA:28,1
DA:29,1
LF:12
LH:12
BRF:0
BRH:0
FNF:3
FNH:3
end_of_record
SF:c:\Projects\TransactionProcessing\EstateManagementUI\EstateManagementUI.BusinessLogic\RequestHandlers\EstateRequestHandler.cs
FN:11,System.Void EstateManagementUI.BusinessLogic.RequestHandlers.EstateRequestHandler::.ctor(EstateManagementUI.BusinessLogic.Clients.IApiClient)
FNDA:2,System.Void EstateManagementUI.BusinessLogic.RequestHandlers.EstateRequestHandler::.ctor(EstateManagementUI.BusinessLogic.Clients.IApiClient)
DA:12,2
DA:13,1
DA:14,1
FN:16,System.Void EstateManagementUI.BusinessLogic.RequestHandlers.EstateRequestHandler/<Handle>d__2::MoveNext()
FNDA:1,System.Void EstateManagementUI.BusinessLogic.RequestHandlers.EstateRequestHandler/<Handle>d__2::MoveNext()
DA:17,1
DA:18,1
DA:19,1
DA:20,1
LF:7
LH:7
BRF:0
BRH:0
FNF:2
FNH:2
end_of_record
SF:c:\Projects\TransactionProcessing\EstateManagementUI\EstateManagementUI.BusinessLogic\RequestHandlers\FileRequestHandler.cs
FN:13,System.Void EstateManagementUI.BusinessLogic.RequestHandlers.FileRequestHandler::.ctor(EstateManagementUI.BusinessLogic.Clients.IApiClient)
FNDA:6,System.Void EstateManagementUI.BusinessLogic.RequestHandlers.FileRequestHandler::.ctor(EstateManagementUI.BusinessLogic.Clients.IApiClient)
DA:14,6
DA:15,3
DA:16,3
FN:18,System.Void EstateManagementUI.BusinessLogic.RequestHandlers.FileRequestHandler/<Handle>d__2::MoveNext()
FNDA:1,System.Void EstateManagementUI.BusinessLogic.RequestHandlers.FileRequestHandler/<Handle>d__2::MoveNext()
DA:19,1
DA:20,1
DA:21,1
DA:22,1
DA:23,1
FN:24,System.Void EstateManagementUI.BusinessLogic.RequestHandlers.FileRequestHandler/<Handle>d__3::MoveNext()
FNDA:1,System.Void EstateManagementUI.BusinessLogic.RequestHandlers.FileRequestHandler/<Handle>d__3::MoveNext()
DA:25,1
DA:26,1
DA:27,1
DA:28,1
DA:29,1
FN:31,System.Void EstateManagementUI.BusinessLogic.RequestHandlers.FileRequestHandler/<Handle>d__4::MoveNext()
FNDA:1,System.Void EstateManagementUI.BusinessLogic.RequestHandlers.FileRequestHandler/<Handle>d__4::MoveNext()
DA:32,1
DA:33,1
DA:34,1
DA:35,1
DA:36,1
LF:18
LH:18
BRF:0
BRH:0
FNF:4
FNH:4
end_of_record
SF:c:\Projects\TransactionProcessing\EstateManagementUI\EstateManagementUI.BusinessLogic\RequestHandlers\MerchantRequestHandler.cs
FN:23,System.Void EstateManagementUI.BusinessLogic.RequestHandlers.MerchantRequestHandler::.ctor(EstateManagementUI.BusinessLogic.Clients.IApiClient)
FNDA:20,System.Void EstateManagementUI.BusinessLogic.RequestHandlers.MerchantRequestHandler::.ctor(EstateManagementUI.BusinessLogic.Clients.IApiClient)
DA:24,20
DA:25,10
DA:26,10
FN:84,System.Void EstateManagementUI.BusinessLogic.RequestHandlers.MerchantRequestHandler/<Handle>d__10::MoveNext()
FNDA:1,System.Void EstateManagementUI.BusinessLogic.RequestHandlers.MerchantRequestHandler/<Handle>d__10::MoveNext()
DA:85,1
DA:86,1
DA:87,1
DA:88,1
DA:89,1
FN:91,System.Void EstateManagementUI.BusinessLogic.RequestHandlers.MerchantRequestHandler/<Handle>d__11::MoveNext()
FNDA:1,System.Void EstateManagementUI.BusinessLogic.RequestHandlers.MerchantRequestHandler/<Handle>d__11::MoveNext()
DA:92,1
DA:93,1
DA:94,1
DA:95,1
DA:96,1
FN:28,System.Void EstateManagementUI.BusinessLogic.RequestHandlers.MerchantRequestHandler/<Handle>d__2::MoveNext()
FNDA:1,System.Void EstateManagementUI.BusinessLogic.RequestHandlers.MerchantRequestHandler/<Handle>d__2::MoveNext()
DA:29,1
DA:30,1
DA:31,1
DA:32,1
DA:33,1
FN:35,System.Void EstateManagementUI.BusinessLogic.RequestHandlers.MerchantRequestHandler/<Handle>d__3::MoveNext()
FNDA:1,System.Void EstateManagementUI.BusinessLogic.RequestHandlers.MerchantRequestHandler/<Handle>d__3::MoveNext()
DA:36,1
DA:37,1
DA:38,1
DA:39,1
DA:40,1
FN:42,System.Void EstateManagementUI.BusinessLogic.RequestHandlers.MerchantRequestHandler/<Handle>d__4::MoveNext()
FNDA:1,System.Void EstateManagementUI.BusinessLogic.RequestHandlers.MerchantRequestHandler/<Handle>d__4::MoveNext()
DA:43,1
DA:44,1
DA:45,1
DA:46,1
DA:47,1
FN:49,System.Void EstateManagementUI.BusinessLogic.RequestHandlers.MerchantRequestHandler/<Handle>d__5::MoveNext()
FNDA:1,System.Void EstateManagementUI.BusinessLogic.RequestHandlers.MerchantRequestHandler/<Handle>d__5::MoveNext()
DA:50,1
DA:51,1
DA:52,1
DA:53,1
DA:54,1
FN:56,System.Void EstateManagementUI.BusinessLogic.RequestHandlers.MerchantRequestHandler/<Handle>d__6::MoveNext()
FNDA:1,System.Void EstateManagementUI.BusinessLogic.RequestHandlers.MerchantRequestHandler/<Handle>d__6::MoveNext()
DA:57,1
DA:58,1
DA:59,1
DA:60,1
DA:61,1
FN:63,System.Void EstateManagementUI.BusinessLogic.RequestHandlers.MerchantRequestHandler/<Handle>d__7::MoveNext()
FNDA:1,System.Void EstateManagementUI.BusinessLogic.RequestHandlers.MerchantRequestHandler/<Handle>d__7::MoveNext()
DA:64,1
DA:65,1
DA:66,1
DA:67,1
DA:68,1
FN:70,System.Void EstateManagementUI.BusinessLogic.RequestHandlers.MerchantRequestHandler/<Handle>d__8::MoveNext()
FNDA:1,System.Void EstateManagementUI.BusinessLogic.RequestHandlers.MerchantRequestHandler/<Handle>d__8::MoveNext()
DA:71,1
DA:72,1
DA:73,1
DA:74,1
DA:75,1
FN:77,System.Void EstateManagementUI.BusinessLogic.RequestHandlers.MerchantRequestHandler/<Handle>d__9::MoveNext()
FNDA:1,System.Void EstateManagementUI.BusinessLogic.RequestHandlers.MerchantRequestHandler/<Handle>d__9::MoveNext()
DA:78,1
DA:79,1
DA:80,1
DA:81,1
DA:82,1
LF:53
LH:53
BRF:0
BRH:0
FNF:11
FNH:11
end_of_record
SF:c:\Projects\TransactionProcessing\EstateManagementUI\EstateManagementUI.BusinessLogic\RequestHandlers\OperatorRequestHandler.cs
FN:15,System.Void EstateManagementUI.BusinessLogic.RequestHandlers.OperatorRequestHandler::.ctor(EstateManagementUI.BusinessLogic.Clients.IApiClient)
FNDA:8,System.Void EstateManagementUI.BusinessLogic.RequestHandlers.OperatorRequestHandler::.ctor(EstateManagementUI.BusinessLogic.Clients.IApiClient)
DA:16,8
DA:17,4
DA:18,4
FN:20,System.Void EstateManagementUI.BusinessLogic.RequestHandlers.OperatorRequestHandler/<Handle>d__2::MoveNext()
FNDA:1,System.Void EstateManagementUI.BusinessLogic.RequestHandlers.OperatorRequestHandler/<Handle>d__2::MoveNext()
DA:21,1
DA:22,1
DA:23,1
DA:24,1
DA:25,1
FN:28,System.Void EstateManagementUI.BusinessLogic.RequestHandlers.OperatorRequestHandler/<Handle>d__3::MoveNext()
FNDA:1,System.Void EstateManagementUI.BusinessLogic.RequestHandlers.OperatorRequestHandler/<Handle>d__3::MoveNext()
DA:29,1
DA:30,1
DA:31,1
DA:32,1
DA:33,1
DA:34,1
DA:35,1
DA:36,1
DA:37,1
DA:38,1
FN:40,System.Void EstateManagementUI.BusinessLogic.RequestHandlers.OperatorRequestHandler/<Handle>d__4::MoveNext()
FNDA:1,System.Void EstateManagementUI.BusinessLogic.RequestHandlers.OperatorRequestHandler/<Handle>d__4::MoveNext()
DA:41,1
DA:42,1
DA:43,1
DA:44,1
DA:45,1
DA:46,1
DA:47,1
DA:48,1
DA:49,1
DA:50,1
DA:51,1
FN:53,System.Void EstateManagementUI.BusinessLogic.RequestHandlers.OperatorRequestHandler/<Handle>d__5::MoveNext()
FNDA:1,System.Void EstateManagementUI.BusinessLogic.RequestHandlers.OperatorRequestHandler/<Handle>d__5::MoveNext()
DA:54,1
DA:55,1
DA:56,1
DA:57,1
DA:58,1
LF:34
LH:34
BRF:0
BRH:0
FNF:5
FNH:5
end_of_record
SF:c:\Projects\TransactionProcessing\EstateManagementUI\EstateManagementUI.BusinessLogic\RequestHandlers\ReportingRequestHandler.cs
FN:27,System.Void EstateManagementUI.BusinessLogic.RequestHandlers.ReportingRequestHandler::.ctor(EstateManagementUI.BusinessLogic.Clients.IApiClient)
FNDA:14,System.Void EstateManagementUI.BusinessLogic.RequestHandlers.ReportingRequestHandler::.ctor(EstateManagementUI.BusinessLogic.Clients.IApiClient)
DA:28,14
DA:29,14
DA:30,14
DA:31,14
FN:87,System.Void EstateManagementUI.BusinessLogic.RequestHandlers.ReportingRequestHandler/<Handle>d__10::MoveNext()
FNDA:1,System.Void EstateManagementUI.BusinessLogic.RequestHandlers.ReportingRequestHandler/<Handle>d__10::MoveNext()
DA:88,1
DA:89,1
DA:90,1
DA:91,1
DA:92,1
FN:94,System.Void EstateManagementUI.BusinessLogic.RequestHandlers.ReportingRequestHandler/<Handle>d__11::MoveNext()
FNDA:1,System.Void EstateManagementUI.BusinessLogic.RequestHandlers.ReportingRequestHandler/<Handle>d__11::MoveNext()
DA:95,1
DA:96,1
DA:97,1
DA:98,1
DA:99,1
FN:101,System.Void EstateManagementUI.BusinessLogic.RequestHandlers.ReportingRequestHandler/<Handle>d__12::MoveNext()
FNDA:1,System.Void EstateManagementUI.BusinessLogic.RequestHandlers.ReportingRequestHandler/<Handle>d__12::MoveNext()
DA:102,1
DA:103,1
DA:104,1
DA:105,1
DA:106,1
FN:108,System.Void EstateManagementUI.BusinessLogic.RequestHandlers.ReportingRequestHandler/<Handle>d__13::MoveNext()
FNDA:1,System.Void EstateManagementUI.BusinessLogic.RequestHandlers.ReportingRequestHandler/<Handle>d__13::MoveNext()
DA:109,1
DA:110,1
DA:111,1
DA:112,1
DA:113,1
FN:115,System.Void EstateManagementUI.BusinessLogic.RequestHandlers.ReportingRequestHandler/<Handle>d__14::MoveNext()
FNDA:1,System.Void EstateManagementUI.BusinessLogic.RequestHandlers.ReportingRequestHandler/<Handle>d__14::MoveNext()
DA:116,1
DA:117,1
DA:118,1
DA:119,1
DA:120,1
FN:122,System.Void EstateManagementUI.BusinessLogic.RequestHandlers.ReportingRequestHandler/<Handle>d__15::MoveNext()
FNDA:1,System.Void EstateManagementUI.BusinessLogic.RequestHandlers.ReportingRequestHandler/<Handle>d__15::MoveNext()
DA:123,1
DA:124,1
DA:125,1
DA:126,1
DA:127,1
FN:33,System.Void EstateManagementUI.BusinessLogic.RequestHandlers.ReportingRequestHandler/<Handle>d__2::MoveNext()
FNDA:1,System.Void EstateManagementUI.BusinessLogic.RequestHandlers.ReportingRequestHandler/<Handle>d__2::MoveNext()
DA:34,1
DA:35,1
DA:36,1
DA:37,1
FN:39,System.Void EstateManagementUI.BusinessLogic.RequestHandlers.ReportingRequestHandler/<Handle>d__3::MoveNext()
FNDA:1,System.Void EstateManagementUI.BusinessLogic.RequestHandlers.ReportingRequestHandler/<Handle>d__3::MoveNext()
DA:40,1
DA:41,1
DA:42,1
DA:43,1
DA:44,1
FN:46,System.Void EstateManagementUI.BusinessLogic.RequestHandlers.ReportingRequestHandler/<Handle>d__4::MoveNext()
FNDA:1,System.Void EstateManagementUI.BusinessLogic.RequestHandlers.ReportingRequestHandler/<Handle>d__4::MoveNext()
DA:47,1
DA:48,1
DA:49,1
DA:50,1
DA:51,1
FN:53,System.Void EstateManagementUI.BusinessLogic.RequestHandlers.ReportingRequestHandler/<Handle>d__5::MoveNext()
FNDA:1,System.Void EstateManagementUI.BusinessLogic.RequestHandlers.ReportingRequestHandler/<Handle>d__5::MoveNext()
DA:54,1
DA:55,1
DA:56,1
DA:57,1
DA:58,1
FN:60,System.Void EstateManagementUI.BusinessLogic.RequestHandlers.ReportingRequestHandler/<Handle>d__6::MoveNext()
FNDA:1,System.Void EstateManagementUI.BusinessLogic.RequestHandlers.ReportingRequestHandler/<Handle>d__6::MoveNext()
DA:61,1
DA:62,1
DA:63,1
DA:64,1
DA:65,1
FN:67,System.Void EstateManagementUI.BusinessLogic.RequestHandlers.ReportingRequestHandler/<Handle>d__7::MoveNext()
FNDA:1,System.Void EstateManagementUI.BusinessLogic.RequestHandlers.ReportingRequestHandler/<Handle>d__7::MoveNext()
DA:68,1
DA:69,1
DA:70,1
DA:71,1
FN:73,System.Void EstateManagementUI.BusinessLogic.RequestHandlers.ReportingRequestHandler/<Handle>d__8::MoveNext()
FNDA:1,System.Void EstateManagementUI.BusinessLogic.RequestHandlers.ReportingRequestHandler/<Handle>d__8::MoveNext()
DA:74,1
DA:75,1
DA:76,1
DA:77,1
DA:78,1
FN:80,System.Void EstateManagementUI.BusinessLogic.RequestHandlers.ReportingRequestHandler/<Handle>d__9::MoveNext()
FNDA:1,System.Void EstateManagementUI.BusinessLogic.RequestHandlers.ReportingRequestHandler/<Handle>d__9::MoveNext()
DA:81,1
DA:82,1
DA:83,1
DA:84,1
DA:85,1
LF:72
LH:72
BRF:0
BRH:0
FNF:15
FNH:15
end_of_record
SF:c:\Projects\TransactionProcessing\EstateManagementUI\EstateManagementUI.BusinessLogic\Common\ModelFactory.cs
FN:21,EstateManagement.DataTransferObjects.Responses.Merchant.SettlementSchedule EstateManagementUI.BusinessLogic.Common.ModelFactory::ConvertFrom(EstateManagementUI.BusinessLogic.Models.SettlementSchedule)
FNDA:17,EstateManagement.DataTransferObjects.Responses.Merchant.SettlementSchedule EstateManagementUI.BusinessLogic.Common.ModelFactory::ConvertFrom(EstateManagementUI.BusinessLogic.Models.SettlementSchedule)
DA:22,17
DA:23,17
DA:24,17
DA:25,10
DA:26,3
DA:27,3
DA:28,1
DA:29,17
DA:30,17
BRDA:23,6,1,10
BRDA:23,6,2,3
BRDA:23,6,3,3
BRDA:23,6,0,1
FN:32,EstateManagement.DataTransferObjects.Requests.Merchant.CreateMerchantRequest EstateManagementUI.BusinessLogic.Common.ModelFactory::ConvertFrom(EstateManagementUI.BusinessLogic.Models.CreateMerchantModel)
FNDA:8,EstateManagement.DataTransferObjects.Requests.Merchant.CreateMerchantRequest EstateManagementUI.BusinessLogic.Common.ModelFactory::ConvertFrom(EstateManagementUI.BusinessLogic.Models.CreateMerchantModel)
DA:33,8
DA:34,9
DA:35,1
DA:38,7
DA:39,7
DA:40,7
DA:41,7
DA:42,7
DA:43,7
DA:44,7
DA:45,7
DA:46,7
DA:47,7
DA:48,7
DA:49,7
DA:50,7
DA:51,7
DA:52,7
DA:53,7
DA:54,7
DA:55,7
DA:56,7
DA:57,7
DA:58,7
DA:59,7
DA:61,7
DA:62,8
BRDA:34,7,0,1
BRDA:34,7,1,7
FN:64,EstateManagement.DataTransferObjects.Requests.Merchant.UpdateMerchantRequest EstateManagementUI.BusinessLogic.Common.ModelFactory::ConvertFrom(EstateManagementUI.BusinessLogic.Models.UpdateMerchantModel)
FNDA:7,EstateManagement.DataTransferObjects.Requests.Merchant.UpdateMerchantRequest EstateManagementUI.BusinessLogic.Common.ModelFactory::ConvertFrom(EstateManagementUI.BusinessLogic.Models.UpdateMerchantModel)
DA:65,7
DA:66,7
DA:67,1
DA:68,1
DA:71,6
DA:72,6
DA:73,6
DA:74,6
DA:75,6
DA:77,6
DA:78,7
BRDA:66,7,0,1
BRDA:66,7,1,6
FN:80,EstateManagement.DataTransferObjects.Requests.Merchant.Address EstateManagementUI.BusinessLogic.Common.ModelFactory::ConvertFrom(EstateManagementUI.BusinessLogic.Models.AddressModel)
FNDA:5,EstateManagement.DataTransferObjects.Requests.Merchant.Address EstateManagementUI.BusinessLogic.Common.ModelFactory::ConvertFrom(EstateManagementUI.BusinessLogic.Models.AddressModel)
DA:81,5
DA:82,5
DA:83,1
DA:84,1
DA:87,4
DA:88,4
DA:89,4
DA:90,4
DA:91,4
DA:92,4
DA:93,4
DA:94,4
DA:95,4
DA:96,4
DA:97,4
DA:99,4
DA:100,5
BRDA:82,7,0,1
BRDA:82,7,1,4
FN:102,EstateManagement.DataTransferObjects.Requests.Merchant.Contact EstateManagementUI.BusinessLogic.Common.ModelFactory::ConvertFrom(EstateManagementUI.BusinessLogic.Models.ContactModel)
FNDA:5,EstateManagement.DataTransferObjects.Requests.Merchant.Contact EstateManagementUI.BusinessLogic.Common.ModelFactory::ConvertFrom(EstateManagementUI.BusinessLogic.Models.ContactModel)
DA:103,5
DA:104,5
DA:105,1
DA:106,1
DA:109,4
DA:110,4
DA:111,4
DA:112,4
DA:113,4
DA:114,4
DA:116,4
DA:117,5
BRDA:104,7,0,1
BRDA:104,7,1,4
FN:119,System.Collections.Generic.List`1<EstateManagementUI.BusinessLogic.Models.ComparisonDateModel> EstateManagementUI.BusinessLogic.Common.ModelFactory::ConvertFrom(System.Collections.Generic.List`1<EstateReportingAPI.DataTrasferObjects.ComparisonDate>)
FNDA:4,System.Collections.Generic.List`1<EstateManagementUI.BusinessLogic.Models.ComparisonDateModel> EstateManagementUI.BusinessLogic.Common.ModelFactory::ConvertFrom(System.Collections.Generic.List`1<EstateReportingAPI.DataTrasferObjects.ComparisonDate>)
DA:120,4
DA:121,4
DA:122,2
DA:123,2
DA:126,2
DA:127,6
DA:128,4
DA:129,4
DA:130,4
DA:131,4
DA:132,4
DA:133,4
DA:134,6
DA:136,2
DA:137,4
BRDA:121,8,0,3
BRDA:121,8,1,1
BRDA:121,24,0,2
BRDA:121,24,1,2
FN:138,EstateManagementUI.BusinessLogic.Models.EstateModel EstateManagementUI.BusinessLogic.Common.ModelFactory::ConvertFrom(EstateManagement.DataTransferObjects.Responses.Estate.EstateResponse)
FNDA:7,EstateManagementUI.BusinessLogic.Models.EstateModel EstateManagementUI.BusinessLogic.Common.ModelFactory::ConvertFrom(EstateManagement.DataTransferObjects.Responses.Estate.EstateResponse)
DA:139,7
DA:140,7
DA:141,1
DA:142,1
DA:145,6
DA:146,6
DA:147,6
DA:148,6
DA:149,6
DA:150,6
DA:151,6
DA:152,6
DA:153,6
DA:154,6
BRDA:140,7,0,1
BRDA:140,7,1,6
FN:155,System.Collections.Generic.List`1<EstateManagementUI.BusinessLogic.Models.MerchantModel> EstateManagementUI.BusinessLogic.Common.ModelFactory::ConvertFrom(System.Collections.Generic.List`1<EstateManagement.DataTransferObjects.Responses.Merchant.MerchantResponse>)
FNDA:4,System.Collections.Generic.List`1<EstateManagementUI.BusinessLogic.Models.MerchantModel> EstateManagementUI.BusinessLogic.Common.ModelFactory::ConvertFrom(System.Collections.Generic.List`1<EstateManagement.DataTransferObjects.Responses.Merchant.MerchantResponse>)
DA:156,4
DA:157,6
DA:158,2
DA:161,2
DA:162,24
DA:163,6
DA:164,6
DA:166,2
DA:167,4
BRDA:157,2,0,3
BRDA:157,2,1,1
BRDA:157,18,0,2
BRDA:157,18,1,2
BRDA:162,77,1,6
BRDA:162,77,0,2
FN:169,EstateManagementUI.BusinessLogic.Models.MerchantModel EstateManagementUI.BusinessLogic.Common.ModelFactory::ConvertFrom(EstateManagement.DataTransferObjects.Responses.Merchant.MerchantResponse)
FNDA:9,EstateManagementUI.BusinessLogic.Models.MerchantModel EstateManagementUI.BusinessLogic.Common.ModelFactory::ConvertFrom(EstateManagement.DataTransferObjects.Responses.Merchant.MerchantResponse)
DA:170,9
DA:171,10
DA:172,1
DA:175,8
DA:176,8
DA:177,8
DA:178,8
DA:179,8
DA:180,8
DA:181,8
DA:182,8
DA:183,8
DA:184,8
DA:185,8
DA:186,8
DA:187,8
DA:188,8
DA:189,8
DA:190,8
DA:191,8
DA:192,8
DA:193,8
DA:194,8
DA:195,8
DA:196,8
DA:197,8
DA:198,8
DA:199,8
DA:200,8
DA:201,8
DA:203,10
DA:204,12
DA:205,2
DA:206,2
DA:207,2
DA:209,10
DA:210,12
DA:211,2
DA:212,2
DA:213,2
DA:215,10
DA:216,12
DA:217,2
DA:218,2
DA:219,2
DA:220,2
DA:221,2
DA:222,2
DA:224,8
DA:225,9
BRDA:171,7,0,1
BRDA:171,7,1,8
BRDA:203,461,0,2
BRDA:204,517,1,2
BRDA:204,517,0,2
BRDA:203,461,1,8
BRDA:209,550,0,2
BRDA:210,613,1,2
BRDA:210,613,0,2
BRDA:209,550,1,8
BRDA:215,646,0,2
BRDA:216,728,1,2
BRDA:216,728,0,2
BRDA:215,646,1,8
FN:226,EstateManagementUI.BusinessLogic.Models.MerchantOperatorModel EstateManagementUI.BusinessLogic.Common.ModelFactory::ConvertFrom(EstateManagement.DataTransferObjects.Responses.Merchant.MerchantOperatorResponse)
FNDA:2,EstateManagementUI.BusinessLogic.Models.MerchantOperatorModel EstateManagementUI.BusinessLogic.Common.ModelFactory::ConvertFrom(EstateManagement.DataTransferObjects.Responses.Merchant.MerchantOperatorResponse)
DA:227,2
DA:228,2
DA:229,2
DA:230,2
DA:231,2
DA:232,2
DA:233,2
DA:234,2
DA:235,2
DA:236,2
FN:238,System.Collections.Generic.List`1<EstateManagementUI.BusinessLogic.Models.EstateOperatorModel> EstateManagementUI.BusinessLogic.Common.ModelFactory::ConvertOperators(System.Collections.Generic.List`1<EstateManagement.DataTransferObjects.Responses.Estate.EstateOperatorResponse>)
FNDA:6,System.Collections.Generic.List`1<EstateManagementUI.BusinessLogic.Models.EstateOperatorModel> EstateManagementUI.BusinessLogic.Common.ModelFactory::ConvertOperators(System.Collections.Generic.List`1<EstateManagement.DataTransferObjects.Responses.Estate.EstateOperatorResponse>)
DA:239,6
DA:240,6
DA:241,2
DA:242,2
DA:245,4
DA:246,20
DA:247,4
DA:248,4
DA:249,4
DA:250,4
DA:251,4
DA:252,4
DA:253,4
DA:254,4
DA:255,4
DA:257,4
DA:258,6
BRDA:240,2,0,5
BRDA:240,2,1,1
BRDA:240,18,0,2
BRDA:240,18,1,4
BRDA:246,127,1,4
BRDA:246,127,0,4
FN:260,System.Collections.Generic.List`1<EstateManagementUI.BusinessLogic.Models.SecurityUserModel> EstateManagementUI.BusinessLogic.Common.ModelFactory::ConvertSecurityUsers(System.Collections.Generic.List`1<EstateManagement.DataTransferObjects.Responses.Estate.SecurityUserResponse>)
FNDA:6,System.Collections.Generic.List`1<EstateManagementUI.BusinessLogic.Models.SecurityUserModel> EstateManagementUI.BusinessLogic.Common.ModelFactory::ConvertSecurityUsers(System.Collections.Generic.List`1<EstateManagement.DataTransferObjects.Responses.Estate.SecurityUserResponse>)
DA:261,6
DA:262,6
DA:263,2
DA:264,2
DA:267,4
DA:268,20
DA:269,4
DA:270,4
DA:271,4
DA:272,4
DA:273,4
DA:274,4
DA:275,4
DA:277,4
DA:278,6
BRDA:262,2,0,5
BRDA:262,2,1,1
BRDA:262,18,0,2
BRDA:262,18,1,4
BRDA:268,99,1,4
BRDA:268,99,0,4
FN:279,System.Collections.Generic.List`1<EstateManagementUI.BusinessLogic.Models.OperatorModel> EstateManagementUI.BusinessLogic.Common.ModelFactory::ConvertFrom(System.Collections.Generic.List`1<EstateManagement.DataTransferObjects.Responses.Operator.OperatorResponse>)
FNDA:4,System.Collections.Generic.List`1<EstateManagementUI.BusinessLogic.Models.OperatorModel> EstateManagementUI.BusinessLogic.Common.ModelFactory::ConvertFrom(System.Collections.Generic.List`1<EstateManagement.DataTransferObjects.Responses.Operator.OperatorResponse>)
DA:280,4
DA:281,4
DA:282,2
DA:283,2
DA:286,2
DA:287,14
DA:288,4
DA:289,4
DA:290,4
DA:292,2
DA:293,4
BRDA:281,2,0,3
BRDA:281,2,1,1
BRDA:281,18,0,2
BRDA:281,18,1,2
BRDA:287,77,1,4
BRDA:287,77,0,2
FN:294,EstateManagementUI.BusinessLogic.Models.ContractModel EstateManagementUI.BusinessLogic.Common.ModelFactory::ConvertFrom(EstateManagement.DataTransferObjects.Responses.Contract.ContractResponse)
FNDA:5,EstateManagementUI.BusinessLogic.Models.ContractModel EstateManagementUI.BusinessLogic.Common.ModelFactory::ConvertFrom(EstateManagement.DataTransferObjects.Responses.Contract.ContractResponse)
DA:295,5
DA:296,5
DA:297,5
DA:298,5
DA:299,5
DA:300,5
DA:302,8
DA:303,3
DA:304,3
DA:306,36
DA:307,9
DA:308,9
DA:309,3
DA:310,2
DA:311,2
DA:312,2
DA:314,5
DA:315,5
BRDA:302,52,0,3
BRDA:302,52,1,2
BRDA:302,70,0,3
BRDA:306,153,1,9
BRDA:306,153,0,3
BRDA:302,70,1,2
FN:316,EstateManagementUI.BusinessLogic.Models.ContractProductModel EstateManagementUI.BusinessLogic.Common.ModelFactory::ConvertFrom(EstateManagement.DataTransferObjects.Responses.Contract.ContractProduct)
FNDA:10,EstateManagementUI.BusinessLogic.Models.ContractProductModel EstateManagementUI.BusinessLogic.Common.ModelFactory::ConvertFrom(EstateManagement.DataTransferObjects.Responses.Contract.ContractProduct)
DA:317,10
DA:318,10
DA:319,10
DA:320,10
DA:321,10
DA:322,10
DA:323,10
DA:324,10
DA:326,14
DA:328,4
DA:329,4
DA:330,24
DA:331,4
DA:332,4
DA:333,4
DA:334,6
DA:335,6
DA:336,6
DA:337,10
DA:339,10
BRDA:318,87,0,3
BRDA:318,87,1,7
BRDA:326,131,0,4
BRDA:326,131,1,6
BRDA:326,151,0,4
BRDA:330,237,1,4
BRDA:330,237,0,4
BRDA:326,151,1,6
FN:340,EstateManagementUI.BusinessLogic.Models.ContractProductTransactionFeeModel EstateManagementUI.BusinessLogic.Common.ModelFactory::ConvertFrom(EstateManagement.DataTransferObjects.Responses.Contract.ContractProductTransactionFee)
FNDA:4,EstateManagementUI.BusinessLogic.Models.ContractProductTransactionFeeModel EstateManagementUI.BusinessLogic.Common.ModelFactory::ConvertFrom(EstateManagement.DataTransferObjects.Responses.Contract.ContractProductTransactionFee)
DA:341,4
DA:342,4
DA:343,4
DA:344,4
DA:345,4
DA:346,4
DA:347,4
DA:348,4
DA:349,4
DA:350,4
FN:352,System.Collections.Generic.List`1<EstateManagementUI.BusinessLogic.Models.ContractModel> EstateManagementUI.BusinessLogic.Common.ModelFactory::ConvertFrom(System.Collections.Generic.List`1<EstateManagement.DataTransferObjects.Responses.Contract.ContractResponse>)
FNDA:4,System.Collections.Generic.List`1<EstateManagementUI.BusinessLogic.Models.ContractModel> EstateManagementUI.BusinessLogic.Common.ModelFactory::ConvertFrom(System.Collections.Generic.List`1<EstateManagement.DataTransferObjects.Responses.Contract.ContractResponse>)
DA:353,4
DA:354,4
DA:355,2
DA:356,2
DA:359,2
DA:360,10
DA:361,2
DA:362,2
DA:363,2
DA:365,2
DA:366,4
BRDA:354,2,0,3
BRDA:354,2,1,1
BRDA:354,18,0,2
BRDA:354,18,1,2
BRDA:360,77,1,2
BRDA:360,77,0,2
FN:367,EstateManagementUI.BusinessLogic.Models.OperatorModel EstateManagementUI.BusinessLogic.Common.ModelFactory::ConvertFrom(EstateManagement.DataTransferObjects.Responses.Operator.OperatorResponse)
FNDA:6,EstateManagementUI.BusinessLogic.Models.OperatorModel EstateManagementUI.BusinessLogic.Common.ModelFactory::ConvertFrom(EstateManagement.DataTransferObjects.Responses.Operator.OperatorResponse)
DA:368,6
DA:370,6
DA:371,1
DA:373,5
DA:374,5
DA:375,5
DA:376,5
DA:377,5
DA:378,5
DA:379,5
DA:380,6
BRDA:370,7,0,1
BRDA:370,7,1,5
FN:382,System.Collections.Generic.List`1<EstateManagementUI.BusinessLogic.Models.FileImportLogModel> EstateManagementUI.BusinessLogic.Common.ModelFactory::ConvertFrom(FileProcessor.DataTransferObjects.Responses.FileImportLogList)
FNDA:3,System.Collections.Generic.List`1<EstateManagementUI.BusinessLogic.Models.FileImportLogModel> EstateManagementUI.BusinessLogic.Common.ModelFactory::ConvertFrom(FileProcessor.DataTransferObjects.Responses.FileImportLogList)
DA:383,3
DA:384,4
DA:385,1
DA:388,2
DA:390,2
DA:391,2
DA:392,10
DA:393,2
DA:394,2
DA:395,2
DA:396,2
DA:398,2
DA:399,3
BRDA:384,7,0,1
BRDA:384,7,1,2
BRDA:390,37,0,2
BRDA:392,88,1,2
BRDA:392,88,0,2
BRDA:390,37,1,2
FN:401,EstateManagementUI.BusinessLogic.Models.FileImportLogModel EstateManagementUI.BusinessLogic.Common.ModelFactory::ConvertFrom(FileProcessor.DataTransferObjects.Responses.FileImportLog)
FNDA:3,EstateManagementUI.BusinessLogic.Models.FileImportLogModel EstateManagementUI.BusinessLogic.Common.ModelFactory::ConvertFrom(FileProcessor.DataTransferObjects.Responses.FileImportLog)
DA:402,3
DA:403,3
DA:404,3
DA:405,3
DA:406,3
DA:407,3
DA:408,3
DA:409,3
DA:410,3
DA:412,3
DA:413,3
DA:414,3
DA:415,21
DA:416,6
DA:417,6
DA:418,6
DA:419,6
DA:420,6
DA:421,6
DA:422,6
DA:423,6
DA:424,6
DA:425,6
DA:426,6
DA:427,6
DA:428,6
DA:429,3
DA:431,3
DA:432,3
BRDA:412,85,0,3
BRDA:415,259,1,6
BRDA:415,259,0,3
BRDA:412,85,1,3
FN:433,EstateManagementUI.BusinessLogic.Models.FileDetailsModel EstateManagementUI.BusinessLogic.Common.ModelFactory::ConvertFrom(FileProcessor.DataTransferObjects.Responses.FileDetails)
FNDA:3,EstateManagementUI.BusinessLogic.Models.FileDetailsModel EstateManagementUI.BusinessLogic.Common.ModelFactory::ConvertFrom(FileProcessor.DataTransferObjects.Responses.FileDetails)
DA:434,3
DA:435,3
DA:436,1
DA:437,1
DA:440,2
DA:441,2
DA:442,2
DA:443,2
DA:444,2
DA:445,2
DA:446,2
DA:447,2
DA:448,2
DA:449,2
DA:450,2
DA:451,2
DA:452,2
DA:453,2
DA:454,2
DA:455,2
DA:456,2
DA:457,2
DA:458,2
DA:459,2
DA:460,2
DA:461,2
DA:463,72
DA:464,22
DA:465,22
DA:466,22
DA:467,22
DA:468,22
DA:469,22
DA:470,2
DA:471,3
DA:472,4
DA:473,5
DA:474,6
DA:475,2
DA:476,22
DA:477,22
DA:478,22
DA:480,2
DA:481,3
BRDA:435,7,0,1
BRDA:435,7,1,2
BRDA:463,511,1,22
BRDA:469,422,3,2
BRDA:469,422,4,3
BRDA:469,422,1,4
BRDA:469,422,5,5
BRDA:469,422,2,6
BRDA:469,422,0,2
BRDA:463,511,0,2
FN:483,EstateManagementUI.BusinessLogic.Models.TodaysSettlementModel EstateManagementUI.BusinessLogic.Common.ModelFactory::ConvertFrom(EstateReportingAPI.DataTransferObjects.TodaysSettlement)
FNDA:3,EstateManagementUI.BusinessLogic.Models.TodaysSettlementModel EstateManagementUI.BusinessLogic.Common.ModelFactory::ConvertFrom(EstateReportingAPI.DataTransferObjects.TodaysSettlement)
DA:484,3
DA:485,3
DA:486,1
DA:487,1
DA:490,2
DA:491,2
DA:492,2
DA:493,2
DA:494,2
DA:495,2
DA:496,2
DA:497,2
DA:498,2
BRDA:485,7,0,1
BRDA:485,7,1,2
FN:500,EstateManagementUI.BusinessLogic.Models.TodaysSalesModel EstateManagementUI.BusinessLogic.Common.ModelFactory::ConvertFrom(EstateReportingAPI.DataTransferObjects.TodaysSales)
FNDA:5,EstateManagementUI.BusinessLogic.Models.TodaysSalesModel EstateManagementUI.BusinessLogic.Common.ModelFactory::ConvertFrom(EstateReportingAPI.DataTransferObjects.TodaysSales)
DA:501,5
DA:502,5
DA:503,2
DA:504,2
DA:507,3
DA:508,3
DA:509,3
DA:510,3
DA:511,3
DA:512,3
DA:513,3
DA:514,3
DA:515,3
BRDA:502,7,0,2
BRDA:502,7,1,3
FN:517,System.Collections.Generic.List`1<EstateManagementUI.BusinessLogic.Models.TodaysSalesCountByHourModel> EstateManagementUI.BusinessLogic.Common.ModelFactory::ConvertFrom(System.Collections.Generic.List`1<EstateReportingAPI.DataTransferObjects.TodaysSalesCountByHour>)
FNDA:4,System.Collections.Generic.List`1<EstateManagementUI.BusinessLogic.Models.TodaysSalesCountByHourModel> EstateManagementUI.BusinessLogic.Common.ModelFactory::ConvertFrom(System.Collections.Generic.List`1<EstateReportingAPI.DataTransferObjects.TodaysSalesCountByHour>)
DA:518,4
DA:519,4
DA:520,2
DA:521,2
DA:524,2
DA:526,6
DA:527,4
DA:528,4
DA:529,4
DA:530,4
DA:531,4
DA:532,4
DA:533,6
DA:534,2
DA:535,4
BRDA:519,8,0,3
BRDA:519,8,1,1
BRDA:519,24,0,2
BRDA:519,24,1,2
FN:537,System.Collections.Generic.List`1<EstateManagementUI.BusinessLogic.Models.TodaysSalesValueByHourModel> EstateManagementUI.BusinessLogic.Common.ModelFactory::ConvertFrom(System.Collections.Generic.List`1<EstateReportingAPI.DataTransferObjects.TodaysSalesValueByHour>)
FNDA:4,System.Collections.Generic.List`1<EstateManagementUI.BusinessLogic.Models.TodaysSalesValueByHourModel> EstateManagementUI.BusinessLogic.Common.ModelFactory::ConvertFrom(System.Collections.Generic.List`1<EstateReportingAPI.DataTransferObjects.TodaysSalesValueByHour>)
DA:538,4
DA:539,4
DA:540,2
DA:541,2
DA:544,2
DA:545,6
DA:546,4
DA:547,4
DA:548,4
DA:549,4
DA:550,4
DA:551,4
DA:552,6
DA:553,2
DA:554,4
BRDA:539,8,0,3
BRDA:539,8,1,1
BRDA:539,24,0,2
BRDA:539,24,1,2
FN:556,EstateManagementUI.BusinessLogic.Models.MerchantKpiModel EstateManagementUI.BusinessLogic.Common.ModelFactory::ConvertFrom(EstateReportingAPI.DataTransferObjects.MerchantKpi)
FNDA:3,EstateManagementUI.BusinessLogic.Models.MerchantKpiModel EstateManagementUI.BusinessLogic.Common.ModelFactory::ConvertFrom(EstateReportingAPI.DataTransferObjects.MerchantKpi)
DA:557,3
DA:558,3
DA:559,1
DA:560,1
DA:563,2
DA:564,2
DA:565,2
DA:566,2
DA:567,2
DA:568,2
DA:569,2
DA:570,2
BRDA:558,7,0,1
BRDA:558,7,1,2
FN:572,System.Collections.Generic.List`1<EstateManagementUI.BusinessLogic.Models.TopBottomOperatorDataModel> EstateManagementUI.BusinessLogic.Common.ModelFactory::ConvertFrom(System.Collections.Generic.List`1<EstateReportingAPI.DataTransferObjects.TopBottomOperatorData>)
FNDA:4,System.Collections.Generic.List`1<EstateManagementUI.BusinessLogic.Models.TopBottomOperatorDataModel> EstateManagementUI.BusinessLogic.Common.ModelFactory::ConvertFrom(System.Collections.Generic.List`1<EstateReportingAPI.DataTransferObjects.TopBottomOperatorData>)
DA:573,4
DA:574,4
DA:575,2
DA:576,2
DA:579,2
DA:580,6
DA:581,4
DA:582,4
DA:583,4
DA:584,4
DA:585,4
DA:586,6
DA:587,2
DA:588,4
BRDA:574,8,0,3
BRDA:574,8,1,1
BRDA:574,24,0,2
BRDA:574,24,1,2
FN:590,System.Collections.Generic.List`1<EstateManagementUI.BusinessLogic.Models.TopBottomMerchantDataModel> EstateManagementUI.BusinessLogic.Common.ModelFactory::ConvertFrom(System.Collections.Generic.List`1<EstateReportingAPI.DataTransferObjects.TopBottomMerchantData>)
FNDA:4,System.Collections.Generic.List`1<EstateManagementUI.BusinessLogic.Models.TopBottomMerchantDataModel> EstateManagementUI.BusinessLogic.Common.ModelFactory::ConvertFrom(System.Collections.Generic.List`1<EstateReportingAPI.DataTransferObjects.TopBottomMerchantData>)
DA:591,4
DA:592,4
DA:593,2
DA:594,2
DA:597,2
DA:598,6
DA:599,4
DA:600,4
DA:601,4
DA:602,4
DA:603,4
DA:604,6
DA:605,2
DA:606,4
BRDA:592,8,0,3
BRDA:592,8,1,1
BRDA:592,24,0,2
BRDA:592,24,1,2
FN:608,System.Collections.Generic.List`1<EstateManagementUI.BusinessLogic.Models.TopBottomProductDataModel> EstateManagementUI.BusinessLogic.Common.ModelFactory::ConvertFrom(System.Collections.Generic.List`1<EstateReportingAPI.DataTransferObjects.TopBottomProductData>)
FNDA:4,System.Collections.Generic.List`1<EstateManagementUI.BusinessLogic.Models.TopBottomProductDataModel> EstateManagementUI.BusinessLogic.Common.ModelFactory::ConvertFrom(System.Collections.Generic.List`1<EstateReportingAPI.DataTransferObjects.TopBottomProductData>)
DA:609,4
DA:610,4
DA:611,2
DA:612,2
DA:615,2
DA:616,6
DA:617,4
DA:618,4
DA:619,4
DA:620,4
DA:621,4
DA:622,6
DA:623,2
DA:624,4
BRDA:610,8,0,3
BRDA:610,8,1,1
BRDA:610,24,0,2
BRDA:610,24,1,2
FN:626,EstateManagementUI.BusinessLogic.Models.LastSettlementModel EstateManagementUI.BusinessLogic.Common.ModelFactory::ConvertFrom(EstateReportingAPI.DataTransferObjects.LastSettlement)
FNDA:3,EstateManagementUI.BusinessLogic.Models.LastSettlementModel EstateManagementUI.BusinessLogic.Common.ModelFactory::ConvertFrom(EstateReportingAPI.DataTransferObjects.LastSettlement)
DA:627,3
DA:628,3
DA:629,1
DA:630,1
DA:633,2
DA:634,2
DA:635,2
DA:636,2
DA:637,2
DA:638,2
DA:639,2
DA:640,2
DA:641,3
BRDA:628,7,0,1
BRDA:628,7,1,2
FN:643,EstateManagement.DataTransferObjects.Requests.Merchant.AssignOperatorRequest EstateManagementUI.BusinessLogic.Common.ModelFactory::ConvertFrom(EstateManagementUI.BusinessLogic.Models.AssignOperatorToMerchantModel)
FNDA:5,EstateManagement.DataTransferObjects.Requests.Merchant.AssignOperatorRequest EstateManagementUI.BusinessLogic.Common.ModelFactory::ConvertFrom(EstateManagementUI.BusinessLogic.Models.AssignOperatorToMerchantModel)
DA:644,5
DA:645,5
DA:646,1
DA:647,1
DA:650,4
DA:651,4
DA:652,4
DA:653,4
DA:654,4
DA:655,4
DA:657,4
DA:658,5
BRDA:645,7,0,1
BRDA:645,7,1,4
FN:659,EstateManagement.DataTransferObjects.Requests.Merchant.AddMerchantContractRequest EstateManagementUI.BusinessLogic.Common.ModelFactory::ConvertFrom(EstateManagementUI.BusinessLogic.Models.AssignContractToMerchantModel)
FNDA:5,EstateManagement.DataTransferObjects.Requests.Merchant.AddMerchantContractRequest EstateManagementUI.BusinessLogic.Common.ModelFactory::ConvertFrom(EstateManagementUI.BusinessLogic.Models.AssignContractToMerchantModel)
DA:660,5
DA:661,5
DA:662,1
DA:663,1
DA:666,4
DA:667,4
DA:668,5
BRDA:661,7,0,1
BRDA:661,7,1,4
LF:515
LH:515
BRF:130
BRH:130
FNF:32
FNH:32
end_of_record
SF:c:\Projects\TransactionProcessing\EstateManagementUI\EstateManagementUI.BusinessLogic\Clients\ApiClient.cs
FN:24,System.Void EstateManagementUI.BusinessLogic.Clients.ApiClient::.ctor(EstateManagement.Client.IEstateClient,FileProcessor.Client.IFileProcessorClient,EstateReportingAPI.Client.IEstateReportingApiClient)
FNDA:65,System.Void EstateManagementUI.BusinessLogic.Clients.ApiClient::.ctor(EstateManagement.Client.IEstateClient,FileProcessor.Client.IFileProcessorClient,EstateReportingAPI.Client.IEstateReportingApiClient)
DA:25,65
DA:26,65
DA:27,130
DA:28,65
DA:29,65
DA:30,65
DA:31,65
FN:131,System.Void EstateManagementUI.BusinessLogic.Clients.ApiClient/<>c__DisplayClass10_0/<<GetMerchants>g__ClientMethod|0>d::MoveNext()
FNDA:3,System.Void EstateManagementUI.BusinessLogic.Clients.ApiClient/<>c__DisplayClass10_0/<<GetMerchants>g__ClientMethod|0>d::MoveNext()
DA:132,3
DA:133,3
DA:134,2
DA:135,1
DA:136,1
DA:137,2
BRDA:134,198,0,1
BRDA:134,198,1,1
FN:146,System.Void EstateManagementUI.BusinessLogic.Clients.ApiClient/<>c__DisplayClass11_0/<<GetMerchant>g__ClientMethod|0>d::MoveNext()
FNDA:3,System.Void EstateManagementUI.BusinessLogic.Clients.ApiClient/<>c__DisplayClass11_0/<<GetMerchant>g__ClientMethod|0>d::MoveNext()
DA:147,3
DA:148,3
DA:149,2
DA:150,1
DA:151,1
DA:152,2
BRDA:149,209,0,1
BRDA:149,209,1,1
FN:160,System.Void EstateManagementUI.BusinessLogic.Clients.ApiClient/<>c__DisplayClass12_0/<<GetOperators>g__ClientMethod|0>d::MoveNext()
FNDA:3,System.Void EstateManagementUI.BusinessLogic.Clients.ApiClient/<>c__DisplayClass12_0/<<GetOperators>g__ClientMethod|0>d::MoveNext()
DA:161,3
DA:162,3
DA:163,2
DA:164,1
DA:165,1
DA:166,2
BRDA:163,198,0,1
BRDA:163,198,1,1
FN:175,System.Void EstateManagementUI.BusinessLogic.Clients.ApiClient/<>c__DisplayClass13_0/<<GetOperator>g__ClientMethod|0>d::MoveNext()
FNDA:3,System.Void EstateManagementUI.BusinessLogic.Clients.ApiClient/<>c__DisplayClass13_0/<<GetOperator>g__ClientMethod|0>d::MoveNext()
DA:176,3
DA:177,3
DA:178,2
DA:179,1
DA:180,1
DA:181,2
BRDA:178,209,0,1
BRDA:178,209,1,1
FN:189,System.Void EstateManagementUI.BusinessLogic.Clients.ApiClient/<>c__DisplayClass14_0/<<GetContracts>g__ClientMethod|0>d::MoveNext()
FNDA:3,System.Void EstateManagementUI.BusinessLogic.Clients.ApiClient/<>c__DisplayClass14_0/<<GetContracts>g__ClientMethod|0>d::MoveNext()
DA:190,3
DA:191,3
DA:192,2
DA:193,1
DA:194,1
DA:195,2
BRDA:192,198,0,1
BRDA:192,198,1,1
FN:204,System.Void EstateManagementUI.BusinessLogic.Clients.ApiClient/<>c__DisplayClass15_0/<<GetContract>g__ClientMethod|0>d::MoveNext()
FNDA:3,System.Void EstateManagementUI.BusinessLogic.Clients.ApiClient/<>c__DisplayClass15_0/<<GetContract>g__ClientMethod|0>d::MoveNext()
DA:205,3
DA:206,3
DA:207,2
DA:208,1
DA:209,1
DA:210,2
BRDA:207,209,0,1
BRDA:207,209,1,1
FN:219,System.Void EstateManagementUI.BusinessLogic.Clients.ApiClient/<>c__DisplayClass16_0/<<CreateOperator>g__ClientMethod|0>d::MoveNext()
FNDA:3,System.Void EstateManagementUI.BusinessLogic.Clients.ApiClient/<>c__DisplayClass16_0/<<CreateOperator>g__ClientMethod|0>d::MoveNext()
DA:220,3
DA:221,3
DA:223,3
DA:224,2
FN:233,System.Void EstateManagementUI.BusinessLogic.Clients.ApiClient/<>c__DisplayClass17_0/<<UpdateOperator>g__ClientMethod|0>d::MoveNext()
FNDA:3,System.Void EstateManagementUI.BusinessLogic.Clients.ApiClient/<>c__DisplayClass17_0/<<UpdateOperator>g__ClientMethod|0>d::MoveNext()
DA:234,3
DA:235,3
DA:237,3
DA:238,2
FN:248,System.Void EstateManagementUI.BusinessLogic.Clients.ApiClient/<>c__DisplayClass18_0/<<GetFileImportLog>g__ClientMethod|0>d::MoveNext()
FNDA:3,System.Void EstateManagementUI.BusinessLogic.Clients.ApiClient/<>c__DisplayClass18_0/<<GetFileImportLog>g__ClientMethod|0>d::MoveNext()
DA:249,3
DA:250,3
DA:251,2
DA:252,1
DA:253,1
DA:254,2
BRDA:251,228,0,1
BRDA:251,228,1,1
FN:263,System.Void EstateManagementUI.BusinessLogic.Clients.ApiClient/<>c__DisplayClass19_0/<<GetFileDetails>g__ClientMethod|0>d::MoveNext()
FNDA:3,System.Void EstateManagementUI.BusinessLogic.Clients.ApiClient/<>c__DisplayClass19_0/<<GetFileDetails>g__ClientMethod|0>d::MoveNext()
DA:264,3
DA:265,3
DA:266,2
DA:267,1
DA:268,1
DA:269,2
BRDA:266,209,0,1
BRDA:266,209,1,1
FN:277,System.Void EstateManagementUI.BusinessLogic.Clients.ApiClient/<>c__DisplayClass20_0/<<GetComparisonDates>g__ClientMethod|0>d::MoveNext()
FNDA:3,System.Void EstateManagementUI.BusinessLogic.Clients.ApiClient/<>c__DisplayClass20_0/<<GetComparisonDates>g__ClientMethod|0>d::MoveNext()
DA:278,3
DA:279,3
DA:281,1
DA:282,1
FN:293,System.Void EstateManagementUI.BusinessLogic.Clients.ApiClient/<>c__DisplayClass21_0/<<GetTodaysSales>g__ClientMethod|0>d::MoveNext()
FNDA:3,System.Void EstateManagementUI.BusinessLogic.Clients.ApiClient/<>c__DisplayClass21_0/<<GetTodaysSales>g__ClientMethod|0>d::MoveNext()
DA:294,3
DA:295,3
DA:297,2
DA:298,1
FN:309,System.Void EstateManagementUI.BusinessLogic.Clients.ApiClient/<>c__DisplayClass22_0/<<GetTodaysSettlement>g__ClientMethod|0>d::MoveNext()
FNDA:3,System.Void EstateManagementUI.BusinessLogic.Clients.ApiClient/<>c__DisplayClass22_0/<<GetTodaysSettlement>g__ClientMethod|0>d::MoveNext()
DA:310,3
DA:311,3
DA:313,1
DA:314,1
FN:325,System.Void EstateManagementUI.BusinessLogic.Clients.ApiClient/<>c__DisplayClass23_0/<<GetTodaysSalesCountByHour>g__ClientMethod|0>d::MoveNext()
FNDA:3,System.Void EstateManagementUI.BusinessLogic.Clients.ApiClient/<>c__DisplayClass23_0/<<GetTodaysSalesCountByHour>g__ClientMethod|0>d::MoveNext()
DA:326,3
DA:327,3
DA:329,1
DA:330,1
FN:341,System.Void EstateManagementUI.BusinessLogic.Clients.ApiClient/<>c__DisplayClass24_0/<<GetTodaysSalesValueByHour>g__ClientMethod|0>d::MoveNext()
FNDA:3,System.Void EstateManagementUI.BusinessLogic.Clients.ApiClient/<>c__DisplayClass24_0/<<GetTodaysSalesValueByHour>g__ClientMethod|0>d::MoveNext()
DA:342,3
DA:343,3
DA:345,1
DA:346,1
FN:379,System.Void EstateManagementUI.BusinessLogic.Clients.ApiClient/<>c__DisplayClass27_0/<<GetTodaysFailedSales>g__ClientMethod|0>d::MoveNext()
FNDA:3,System.Void EstateManagementUI.BusinessLogic.Clients.ApiClient/<>c__DisplayClass27_0/<<GetTodaysFailedSales>g__ClientMethod|0>d::MoveNext()
DA:380,3
DA:381,3
DA:383,1
DA:384,1
FN:393,System.Void EstateManagementUI.BusinessLogic.Clients.ApiClient/<>c__DisplayClass28_0/<<GetTopBottomOperatorData>g__ClientMethod|0>d::MoveNext()
FNDA:4,System.Void EstateManagementUI.BusinessLogic.Clients.ApiClient/<>c__DisplayClass28_0/<<GetTopBottomOperatorData>g__ClientMethod|0>d::MoveNext()
DA:394,4
DA:395,4
DA:397,1
DA:398,1
FN:407,System.Void EstateManagementUI.BusinessLogic.Clients.ApiClient/<>c__DisplayClass29_0/<<GetTopBottomMerchantData>g__ClientMethod|0>d::MoveNext()
FNDA:4,System.Void EstateManagementUI.BusinessLogic.Clients.ApiClient/<>c__DisplayClass29_0/<<GetTopBottomMerchantData>g__ClientMethod|0>d::MoveNext()
DA:408,4
DA:409,4
DA:411,1
DA:412,1
FN:421,System.Void EstateManagementUI.BusinessLogic.Clients.ApiClient/<>c__DisplayClass30_0/<<GetTopBottomProductData>g__ClientMethod|0>d::MoveNext()
FNDA:4,System.Void EstateManagementUI.BusinessLogic.Clients.ApiClient/<>c__DisplayClass30_0/<<GetTopBottomProductData>g__ClientMethod|0>d::MoveNext()
DA:422,4
DA:423,4
DA:425,1
DA:426,1
FN:433,System.Void EstateManagementUI.BusinessLogic.Clients.ApiClient/<>c__DisplayClass31_0/<<GetMerchantKpi>g__ClientMethod|0>d::MoveNext()
FNDA:3,System.Void EstateManagementUI.BusinessLogic.Clients.ApiClient/<>c__DisplayClass31_0/<<GetMerchantKpi>g__ClientMethod|0>d::MoveNext()
DA:434,3
DA:435,3
DA:437,1
DA:438,1
FN:454,System.Void EstateManagementUI.BusinessLogic.Clients.ApiClient/<>c__DisplayClass32_0/<<GetLastSettlement>g__ClientMethod|0>d::MoveNext()
FNDA:3,System.Void EstateManagementUI.BusinessLogic.Clients.ApiClient/<>c__DisplayClass32_0/<<GetLastSettlement>g__ClientMethod|0>d::MoveNext()
DA:455,3
DA:456,3
DA:458,1
DA:459,1
FN:468,System.Void EstateManagementUI.BusinessLogic.Clients.ApiClient/<>c__DisplayClass33_0/<<CreateMerchant>g__ClientMethod|0>d::MoveNext()
FNDA:4,System.Void EstateManagementUI.BusinessLogic.Clients.ApiClient/<>c__DisplayClass33_0/<<CreateMerchant>g__ClientMethod|0>d::MoveNext()
DA:469,4
DA:470,4
DA:472,4
DA:473,2
FN:483,System.Void EstateManagementUI.BusinessLogic.Clients.ApiClient/<>c__DisplayClass34_0/<<UpdateMerchant>g__ClientMethod|0>d::MoveNext()
FNDA:3,System.Void EstateManagementUI.BusinessLogic.Clients.ApiClient/<>c__DisplayClass34_0/<<UpdateMerchant>g__ClientMethod|0>d::MoveNext()
DA:484,3
DA:485,3
DA:487,3
DA:488,2
FN:498,System.Void EstateManagementUI.BusinessLogic.Clients.ApiClient/<>c__DisplayClass35_0/<<UpdateMerchantAddress>g__ClientMethod|0>d::MoveNext()
FNDA:3,System.Void EstateManagementUI.BusinessLogic.Clients.ApiClient/<>c__DisplayClass35_0/<<UpdateMerchantAddress>g__ClientMethod|0>d::MoveNext()
DA:499,3
DA:500,3
DA:502,3
DA:503,2
FN:513,System.Void EstateManagementUI.BusinessLogic.Clients.ApiClient/<>c__DisplayClass36_0/<<UpdateMerchantContact>g__ClientMethod|0>d::MoveNext()
FNDA:3,System.Void EstateManagementUI.BusinessLogic.Clients.ApiClient/<>c__DisplayClass36_0/<<UpdateMerchantContact>g__ClientMethod|0>d::MoveNext()
DA:514,3
DA:515,3
DA:517,3
DA:518,2
FN:38,System.Void EstateManagementUI.BusinessLogic.Clients.ApiClient/<>c__DisplayClass4_0/<<AssignOperatorToMerchant>g__ClientMethod|0>d::MoveNext()
FNDA:3,System.Void EstateManagementUI.BusinessLogic.Clients.ApiClient/<>c__DisplayClass4_0/<<AssignOperatorToMerchant>g__ClientMethod|0>d::MoveNext()
DA:39,3
DA:40,3
DA:42,3
DA:43,2
FN:55,System.Void EstateManagementUI.BusinessLogic.Clients.ApiClient/<>c__DisplayClass5_0/<<AssignContractToMerchant>g__ClientMethod|0>d::MoveNext()
FNDA:3,System.Void EstateManagementUI.BusinessLogic.Clients.ApiClient/<>c__DisplayClass5_0/<<AssignContractToMerchant>g__ClientMethod|0>d::MoveNext()
DA:56,3
DA:57,3
DA:59,3
DA:60,2
FN:72,System.Void EstateManagementUI.BusinessLogic.Clients.ApiClient/<>c__DisplayClass6_0/<<RemoveOperatorFromMerchant>g__ClientMethod|0>d::MoveNext()
FNDA:3,System.Void EstateManagementUI.BusinessLogic.Clients.ApiClient/<>c__DisplayClass6_0/<<RemoveOperatorFromMerchant>g__ClientMethod|0>d::MoveNext()
DA:73,3
DA:74,3
DA:75,2
FN:87,System.Void EstateManagementUI.BusinessLogic.Clients.ApiClient/<>c__DisplayClass7_0/<<RemoveContractFromMerchant>g__ClientMethod|0>d::MoveNext()
FNDA:3,System.Void EstateManagementUI.BusinessLogic.Clients.ApiClient/<>c__DisplayClass7_0/<<RemoveContractFromMerchant>g__ClientMethod|0>d::MoveNext()
DA:88,3
DA:89,3
DA:90,2
FN:103,System.Void EstateManagementUI.BusinessLogic.Clients.ApiClient/<>c__DisplayClass8_0/<<GetFileImportLogList>g__ClientMethod|0>d::MoveNext()
FNDA:3,System.Void EstateManagementUI.BusinessLogic.Clients.ApiClient/<>c__DisplayClass8_0/<<GetFileImportLogList>g__ClientMethod|0>d::MoveNext()
DA:104,3
DA:105,3
DA:106,2
DA:107,1
DA:108,1
DA:109,2
BRDA:106,239,0,1
BRDA:106,239,1,1
FN:117,System.Void EstateManagementUI.BusinessLogic.Clients.ApiClient/<>c__DisplayClass9_0/<<GetEstate>g__ClientMethod|0>d::MoveNext()
FNDA:4,System.Void EstateManagementUI.BusinessLogic.Clients.ApiClient/<>c__DisplayClass9_0/<<GetEstate>g__ClientMethod|0>d::MoveNext()
DA:118,4
DA:119,4
DA:120,2
DA:121,1
DA:122,1
DA:123,2
BRDA:120,198,0,1
BRDA:120,198,1,1
FN:54,System.Void EstateManagementUI.BusinessLogic.Clients.ApiClient/<AssignContractToMerchant>d__5::MoveNext()
FNDA:3,System.Void EstateManagementUI.BusinessLogic.Clients.ApiClient/<AssignContractToMerchant>d__5::MoveNext()
DA:55,3
DA:62,3
DA:64,3
DA:65,3
FN:37,System.Void EstateManagementUI.BusinessLogic.Clients.ApiClient/<AssignOperatorToMerchant>d__4::MoveNext()
FNDA:3,System.Void EstateManagementUI.BusinessLogic.Clients.ApiClient/<AssignOperatorToMerchant>d__4::MoveNext()
DA:38,3
DA:45,3
DA:47,3
DA:48,3
FN:351,System.Void EstateManagementUI.BusinessLogic.Clients.ApiClient/<CallClientMethod>d__25`1::MoveNext()
FNDA:67,System.Void EstateManagementUI.BusinessLogic.Clients.ApiClient/<CallClientMethod>d__25`1::MoveNext()
DA:352,67
DA:353,67
DA:354,67
DA:355,31
DA:357,72
DA:358,36
DA:359,36
DA:361,67
FN:363,System.Void EstateManagementUI.BusinessLogic.Clients.ApiClient/<CallClientMethod>d__26::MoveNext()
FNDA:31,System.Void EstateManagementUI.BusinessLogic.Clients.ApiClient/<CallClientMethod>d__26::MoveNext()
DA:364,31
DA:365,31
DA:366,31
DA:367,20
DA:369,22
DA:370,11
DA:371,11
DA:373,31
FN:467,System.Void EstateManagementUI.BusinessLogic.Clients.ApiClient/<CreateMerchant>d__33::MoveNext()
FNDA:4,System.Void EstateManagementUI.BusinessLogic.Clients.ApiClient/<CreateMerchant>d__33::MoveNext()
DA:468,4
DA:475,4
DA:476,4
FN:218,System.Void EstateManagementUI.BusinessLogic.Clients.ApiClient/<CreateOperator>d__16::MoveNext()
FNDA:3,System.Void EstateManagementUI.BusinessLogic.Clients.ApiClient/<CreateOperator>d__16::MoveNext()
DA:219,3
DA:226,3
DA:227,3
FN:276,System.Void EstateManagementUI.BusinessLogic.Clients.ApiClient/<GetComparisonDates>d__20::MoveNext()
FNDA:3,System.Void EstateManagementUI.BusinessLogic.Clients.ApiClient/<GetComparisonDates>d__20::MoveNext()
DA:277,3
DA:284,3
DA:285,3
FN:203,System.Void EstateManagementUI.BusinessLogic.Clients.ApiClient/<GetContract>d__15::MoveNext()
FNDA:3,System.Void EstateManagementUI.BusinessLogic.Clients.ApiClient/<GetContract>d__15::MoveNext()
DA:204,3
DA:212,3
DA:213,3
FN:188,System.Void EstateManagementUI.BusinessLogic.Clients.ApiClient/<GetContracts>d__14::MoveNext()
FNDA:3,System.Void EstateManagementUI.BusinessLogic.Clients.ApiClient/<GetContracts>d__14::MoveNext()
DA:189,3
DA:197,3
DA:198,3
FN:116,System.Void EstateManagementUI.BusinessLogic.Clients.ApiClient/<GetEstate>d__9::MoveNext()
FNDA:4,System.Void EstateManagementUI.BusinessLogic.Clients.ApiClient/<GetEstate>d__9::MoveNext()
DA:117,4
DA:125,4
DA:126,4
FN:262,System.Void EstateManagementUI.BusinessLogic.Clients.ApiClient/<GetFileDetails>d__19::MoveNext()
FNDA:3,System.Void EstateManagementUI.BusinessLogic.Clients.ApiClient/<GetFileDetails>d__19::MoveNext()
DA:263,3
DA:271,3
DA:272,3
FN:247,System.Void EstateManagementUI.BusinessLogic.Clients.ApiClient/<GetFileImportLog>d__18::MoveNext()
FNDA:3,System.Void EstateManagementUI.BusinessLogic.Clients.ApiClient/<GetFileImportLog>d__18::MoveNext()
DA:248,3
DA:256,3
DA:257,3
FN:102,System.Void EstateManagementUI.BusinessLogic.Clients.ApiClient/<GetFileImportLogList>d__8::MoveNext()
FNDA:3,System.Void EstateManagementUI.BusinessLogic.Clients.ApiClient/<GetFileImportLogList>d__8::MoveNext()
DA:103,3
DA:111,3
DA:112,3
FN:453,System.Void EstateManagementUI.BusinessLogic.Clients.ApiClient/<GetLastSettlement>d__32::MoveNext()
FNDA:3,System.Void EstateManagementUI.BusinessLogic.Clients.ApiClient/<GetLastSettlement>d__32::MoveNext()
DA:454,3
DA:461,3
DA:462,3
FN:145,System.Void EstateManagementUI.BusinessLogic.Clients.ApiClient/<GetMerchant>d__11::MoveNext()
FNDA:3,System.Void EstateManagementUI.BusinessLogic.Clients.ApiClient/<GetMerchant>d__11::MoveNext()
DA:146,3
DA:154,3
DA:155,3
FN:432,System.Void EstateManagementUI.BusinessLogic.Clients.ApiClient/<GetMerchantKpi>d__31::MoveNext()
FNDA:3,System.Void EstateManagementUI.BusinessLogic.Clients.ApiClient/<GetMerchantKpi>d__31::MoveNext()
DA:433,3
DA:440,3
DA:441,3
FN:130,System.Void EstateManagementUI.BusinessLogic.Clients.ApiClient/<GetMerchants>d__10::MoveNext()
FNDA:3,System.Void EstateManagementUI.BusinessLogic.Clients.ApiClient/<GetMerchants>d__10::MoveNext()
DA:131,3
DA:139,3
DA:140,3
FN:174,System.Void EstateManagementUI.BusinessLogic.Clients.ApiClient/<GetOperator>d__13::MoveNext()
FNDA:3,System.Void EstateManagementUI.BusinessLogic.Clients.ApiClient/<GetOperator>d__13::MoveNext()
DA:175,3
DA:183,3
DA:184,3
FN:159,System.Void EstateManagementUI.BusinessLogic.Clients.ApiClient/<GetOperators>d__12::MoveNext()
FNDA:3,System.Void EstateManagementUI.BusinessLogic.Clients.ApiClient/<GetOperators>d__12::MoveNext()
DA:160,3
DA:168,3
DA:169,3
FN:378,System.Void EstateManagementUI.BusinessLogic.Clients.ApiClient/<GetTodaysFailedSales>d__27::MoveNext()
FNDA:3,System.Void EstateManagementUI.BusinessLogic.Clients.ApiClient/<GetTodaysFailedSales>d__27::MoveNext()
DA:379,3
DA:386,3
DA:387,3
FN:292,System.Void EstateManagementUI.BusinessLogic.Clients.ApiClient/<GetTodaysSales>d__21::MoveNext()
FNDA:3,System.Void EstateManagementUI.BusinessLogic.Clients.ApiClient/<GetTodaysSales>d__21::MoveNext()
DA:293,3
DA:300,3
DA:301,3
FN:324,System.Void EstateManagementUI.BusinessLogic.Clients.ApiClient/<GetTodaysSalesCountByHour>d__23::MoveNext()
FNDA:3,System.Void EstateManagementUI.BusinessLogic.Clients.ApiClient/<GetTodaysSalesCountByHour>d__23::MoveNext()
DA:325,3
DA:332,3
DA:333,3
FN:340,System.Void EstateManagementUI.BusinessLogic.Clients.ApiClient/<GetTodaysSalesValueByHour>d__24::MoveNext()
FNDA:3,System.Void EstateManagementUI.BusinessLogic.Clients.ApiClient/<GetTodaysSalesValueByHour>d__24::MoveNext()
DA:341,3
DA:348,3
DA:349,3
FN:308,System.Void EstateManagementUI.BusinessLogic.Clients.ApiClient/<GetTodaysSettlement>d__22::MoveNext()
FNDA:3,System.Void EstateManagementUI.BusinessLogic.Clients.ApiClient/<GetTodaysSettlement>d__22::MoveNext()
DA:309,3
DA:316,3
DA:317,3
FN:406,System.Void EstateManagementUI.BusinessLogic.Clients.ApiClient/<GetTopBottomMerchantData>d__29::MoveNext()
FNDA:4,System.Void EstateManagementUI.BusinessLogic.Clients.ApiClient/<GetTopBottomMerchantData>d__29::MoveNext()
DA:407,4
DA:414,4
DA:415,4
FN:392,System.Void EstateManagementUI.BusinessLogic.Clients.ApiClient/<GetTopBottomOperatorData>d__28::MoveNext()
FNDA:4,System.Void EstateManagementUI.BusinessLogic.Clients.ApiClient/<GetTopBottomOperatorData>d__28::MoveNext()
DA:393,4
DA:400,4
DA:401,4
FN:420,System.Void EstateManagementUI.BusinessLogic.Clients.ApiClient/<GetTopBottomProductData>d__30::MoveNext()
FNDA:4,System.Void EstateManagementUI.BusinessLogic.Clients.ApiClient/<GetTopBottomProductData>d__30::MoveNext()
DA:421,4
DA:428,4
DA:429,4
FN:86,System.Void EstateManagementUI.BusinessLogic.Clients.ApiClient/<RemoveContractFromMerchant>d__7::MoveNext()
FNDA:3,System.Void EstateManagementUI.BusinessLogic.Clients.ApiClient/<RemoveContractFromMerchant>d__7::MoveNext()
DA:87,3
DA:92,3
DA:94,3
DA:95,3
FN:71,System.Void EstateManagementUI.BusinessLogic.Clients.ApiClient/<RemoveOperatorFromMerchant>d__6::MoveNext()
FNDA:3,System.Void EstateManagementUI.BusinessLogic.Clients.ApiClient/<RemoveOperatorFromMerchant>d__6::MoveNext()
DA:72,3
DA:77,3
DA:79,3
DA:80,3
FN:482,System.Void EstateManagementUI.BusinessLogic.Clients.ApiClient/<UpdateMerchant>d__34::MoveNext()
FNDA:3,System.Void EstateManagementUI.BusinessLogic.Clients.ApiClient/<UpdateMerchant>d__34::MoveNext()
DA:483,3
DA:490,3
DA:491,3
FN:497,System.Void EstateManagementUI.BusinessLogic.Clients.ApiClient/<UpdateMerchantAddress>d__35::MoveNext()
FNDA:3,System.Void EstateManagementUI.BusinessLogic.Clients.ApiClient/<UpdateMerchantAddress>d__35::MoveNext()
DA:498,3
DA:505,3
DA:506,3
FN:512,System.Void EstateManagementUI.BusinessLogic.Clients.ApiClient/<UpdateMerchantContact>d__36::MoveNext()
FNDA:3,System.Void EstateManagementUI.BusinessLogic.Clients.ApiClient/<UpdateMerchantContact>d__36::MoveNext()
DA:513,3
DA:520,3
DA:521,3
FN:232,System.Void EstateManagementUI.BusinessLogic.Clients.ApiClient/<UpdateOperator>d__17::MoveNext()
FNDA:3,System.Void EstateManagementUI.BusinessLogic.Clients.ApiClient/<UpdateOperator>d__17::MoveNext()
DA:233,3
DA:240,3
DA:241,3
LF:262
LH:262
BRF:20
BRH:20
FNF:65
FNH:65
end_of_record
SF:c:\Projects\TransactionProcessing\EstateManagementUI\EstateManagementUI\Common\ChartHelpers.cs
FN:5,System.String ChartHelpers::ConvertChartOptionsToHtml(System.String)
FNDA:0,System.String ChartHelpers::ConvertChartOptionsToHtml(System.String)
DA:6,0
DA:7,0
DA:8,0
DA:9,0
DA:10,0
DA:11,0
FN:13,System.String ChartHelpers::GetScriptForCharts(System.String,System.String)
FNDA:0,System.String ChartHelpers::GetScriptForCharts(System.String,System.String)
DA:14,0
DA:15,0
DA:16,0
DA:17,0
DA:18,0
DA:19,0
DA:21,0
DA:22,0
LF:14
LH:0
BRF:0
BRH:0
FNF:2
FNH:0
end_of_record
SF:c:\Projects\TransactionProcessing\EstateManagementUI\EstateManagementUI\Common\DataHelperFunctions.cs
FN:17,System.Int32 DataHelperFunctions/<>c::<GetComparisonDates>b__0_0(EstateManagementUI.BusinessLogic.Models.ComparisonDateModel)
FNDA:0,System.Int32 DataHelperFunctions/<>c::<GetComparisonDates>b__0_0(EstateManagementUI.BusinessLogic.Models.ComparisonDateModel)
DA:18,0
FN:19,System.Boolean DataHelperFunctions/<>c::<GetComparisonDates>b__0_1(EstateManagementUI.BusinessLogic.Models.ComparisonDateModel)
FNDA:0,System.Boolean DataHelperFunctions/<>c::<GetComparisonDates>b__0_1(EstateManagementUI.BusinessLogic.Models.ComparisonDateModel)
DA:20,0
FN:57,System.String DataHelperFunctions/<>c::<GetOperators>b__1_0(Microsoft.AspNetCore.Mvc.Rendering.SelectListItem)
FNDA:0,System.String DataHelperFunctions/<>c::<GetOperators>b__1_0(Microsoft.AspNetCore.Mvc.Rendering.SelectListItem)
DA:58,0
FN:78,System.String DataHelperFunctions/<>c::<GetMerchants>b__2_0(Microsoft.AspNetCore.Mvc.Rendering.SelectListItem)
FNDA:0,System.String DataHelperFunctions/<>c::<GetMerchants>b__2_0(Microsoft.AspNetCore.Mvc.Rendering.SelectListItem)
DA:79,0
FN:99,System.String DataHelperFunctions/<>c::<GetContracts>b__3_0(Microsoft.AspNetCore.Mvc.Rendering.SelectListItem)
FNDA:0,System.String DataHelperFunctions/<>c::<GetContracts>b__3_0(Microsoft.AspNetCore.Mvc.Rendering.SelectListItem)
DA:100,0
FN:10,System.Void DataHelperFunctions/<GetComparisonDates>d__0::MoveNext()
FNDA:0,System.Void DataHelperFunctions/<GetComparisonDates>d__0::MoveNext()
DA:11,0
DA:12,0
DA:14,0
DA:16,0
DA:22,0
DA:23,0
DA:24,0
DA:25,0
DA:26,0
DA:29,0
DA:30,0
DA:31,0
DA:32,0
DA:33,0
DA:34,0
DA:38,0
DA:39,0
DA:40,0
BRDA:22,509,1,0
BRDA:24,392,0,0
BRDA:24,392,1,0
BRDA:24,423,0,0
BRDA:24,423,1,0
BRDA:22,509,0,0
FN:84,System.Void DataHelperFunctions/<GetContracts>d__3::MoveNext()
FNDA:0,System.Void DataHelperFunctions/<GetContracts>d__3::MoveNext()
DA:85,0
DA:86,0
DA:88,0
DA:90,0
DA:91,0
DA:92,0
DA:93,0
DA:94,0
DA:95,0
DA:96,0
DA:97,0
DA:98,0
DA:101,0
DA:102,0
DA:103,0
BRDA:91,310,1,0
BRDA:91,310,0,0
FN:63,System.Void DataHelperFunctions/<GetMerchants>d__2::MoveNext()
FNDA:0,System.Void DataHelperFunctions/<GetMerchants>d__2::MoveNext()
DA:64,0
DA:65,0
DA:67,0
DA:69,0
DA:70,0
DA:71,0
DA:72,0
DA:73,0
DA:74,0
DA:75,0
DA:76,0
DA:77,0
DA:80,0
DA:81,0
DA:82,0
BRDA:70,315,1,0
BRDA:70,315,0,0
FN:42,System.Void DataHelperFunctions/<GetOperators>d__1::MoveNext()
FNDA:0,System.Void DataHelperFunctions/<GetOperators>d__1::MoveNext()
DA:43,0
DA:44,0
DA:46,0
DA:48,0
DA:49,0
DA:50,0
DA:51,0
DA:52,0
DA:53,0
DA:54,0
DA:55,0
DA:56,0
DA:59,0
DA:60,0
DA:61,0
BRDA:49,315,1,0
BRDA:49,315,0,0
LF:68
LH:0
BRF:12
BRH:0
FNF:9
FNH:0
end_of_record
SF:c:\Projects\TransactionProcessing\EstateManagementUI\EstateManagementUI\Program.cs
FN:33,Microsoft.Extensions.Configuration.IConfigurationRoot Startup::get_Configuration()
FNDA:4,Microsoft.Extensions.Configuration.IConfigurationRoot Startup::get_Configuration()
DA:34,4
FN:52,System.Void Startup::ConfigureContainer(Lamar.ServiceRegistry)
FNDA:1,System.Void Startup::ConfigureContainer(Lamar.ServiceRegistry)
DA:53,1
DA:54,1
DA:56,1
DA:58,1
DA:59,1
DA:60,0
DA:61,0
DA:62,1
DA:63,1
DA:65,1
DA:66,1
BRDA:59,46,0,0
BRDA:59,46,1,1
FN:68,System.Void Startup::Configure(Microsoft.AspNetCore.Builder.IApplicationBuilder,Microsoft.AspNetCore.Hosting.IWebHostEnvironment,Microsoft.Extensions.Logging.ILoggerFactory)
FNDA:0,System.Void Startup::Configure(Microsoft.AspNetCore.Builder.IApplicationBuilder,Microsoft.AspNetCore.Hosting.IWebHostEnvironment,Microsoft.Extensions.Logging.ILoggerFactory)
DA:69,0
DA:110,0
DA:112,0
DA:113,0
DA:114,0
DA:115,0
DA:116,0
DA:117,0
DA:118,0
DA:120,0
DA:121,0
DA:123,0
DA:124,0
DA:126,0
DA:127,0
DA:129,0
DA:131,0
DA:132,0
DA:134,0
DA:136,0
DA:137,0
DA:138,0
DA:139,0
DA:140,0
DA:142,0
DA:143,0
BRDA:112,15,0,0
BRDA:115,43,0,0
BRDA:115,43,1,0
BRDA:112,15,1,0
FN:35,System.Void Startup::.ctor(Microsoft.AspNetCore.Hosting.IWebHostEnvironment)
FNDA:1,System.Void Startup::.ctor(Microsoft.AspNetCore.Hosting.IWebHostEnvironment)
DA:36,1
DA:37,1
DA:38,1
DA:39,1
DA:40,1
DA:41,1
DA:42,1
DA:43,1
DA:45,1
DA:46,1
DA:48,1
DA:49,1
FN:213,Microsoft.Extensions.Hosting.IHostBuilder Program::CreateHostBuilder(System.String[])
FNDA:0,Microsoft.Extensions.Hosting.IHostBuilder Program::CreateHostBuilder(System.String[])
DA:214,0
DA:215,0
DA:216,0
DA:217,0
DA:218,0
DA:220,0
DA:221,0
DA:222,0
DA:223,0
DA:224,0
DA:225,0
DA:226,0
DA:227,0
DA:228,0
DA:229,0
DA:230,0
DA:231,0
DA:232,0
DA:233,0
DA:234,0
DA:235,0
DA:236,0
DA:237,0
DA:238,0
DA:239,0
DA:240,0
DA:241,0
DA:242,0
DA:243,0
DA:244,0
DA:245,0
DA:246,0
DA:247,0
DA:248,0
DA:249,0
DA:250,0
DA:251,0
DA:252,0
DA:253,0
DA:254,0
DA:255,0
DA:256,0
DA:257,0
DA:258,0
DA:259,0
DA:260,0
DA:261,0
DA:262,0
DA:263,0
DA:264,0
DA:265,0
DA:266,0
DA:267,0
DA:268,0
DA:269,0
DA:270,0
DA:271,0
DA:272,0
DA:273,0
DA:274,0
DA:275,0
DA:276,0
DA:277,0
DA:278,0
DA:279,0
DA:280,0
DA:281,0
DA:282,0
DA:283,0
DA:284,0
DA:285,0
DA:286,0
DA:287,0
DA:288,0
DA:289,0
DA:290,0
DA:291,0
BRDA:253,28,0,0
BRDA:255,65,0,0
BRDA:255,65,1,0
BRDA:253,28,1,0
BRDA:269,105,0,0
BRDA:269,105,1,0
BRDA:273,21,0,0
BRDA:273,21,1,0
FN:292,System.Security.Cryptography.X509Certificates.X509Certificate2 Program::LoadCertificate(System.String)
FNDA:0,System.Security.Cryptography.X509Certificates.X509Certificate2 Program::LoadCertificate(System.String)
DA:293,0
DA:294,0
DA:295,0
DA:296,0
DA:297,0
DA:300,0
DA:301,0
DA:302,0
DA:303,0
DA:304,0
DA:305,0
DA:307,0
DA:308,0
DA:311,0
DA:312,0
DA:313,0
DA:315,0
DA:316,0
BRDA:296,28,0,0
BRDA:301,90,1,0
BRDA:301,90,0,0
BRDA:296,28,1,0
FN:196,System.Void Program/<CreatePermissionsRepository>d__1::MoveNext()
FNDA:0,System.Void Program/<CreatePermissionsRepository>d__1::MoveNext()
DA:197,0
DA:198,0
DA:199,0
DA:201,0
DA:203,0
DA:206,0
DA:210,0
DA:211,0
FN:148,System.Void Program/<Main>d__0::MoveNext()
FNDA:0,System.Void Program/<Main>d__0::MoveNext()
DA:149,0
DA:193,0
DA:194,0
FN:319,System.Void Extensions/<PreWarm>d__0::MoveNext()
FNDA:0,System.Void Extensions/<PreWarm>d__0::MoveNext()
DA:320,0
DA:321,0
DA:322,0
DA:323,0
DA:324,0
DA:325,0
DA:326,0
DA:328,0
DA:330,0
DA:332,0
DA:333,0
DA:334,0
DA:335,0
DA:336,0
DA:337,0
DA:338,0
DA:340,0
DA:341,0
DA:342,0
DA:343,0
DA:345,0
DA:346,0
DA:347,0
DA:348,0
DA:349,0
DA:350,0
DA:351,0
DA:353,0
DA:354,0
DA:355,0
DA:356,0
DA:357,0
DA:358,0
DA:360,0
DA:361,0
DA:362,0
DA:363,0
DA:364,0
DA:365,0
DA:366,0
DA:367,0
DA:368,0
DA:369,0
DA:370,0
DA:371,0
BRDA:335,624,1,0
BRDA:336,591,0,0
BRDA:336,591,1,0
BRDA:335,624,0,0
BRDA:341,822,0,0
BRDA:341,822,1,0
BRDA:345,1675,1,0
BRDA:349,1108,0,0
BRDA:349,1108,1,0
BRDA:356,1341,0,0
BRDA:356,1341,1,0
BRDA:360,1600,1,0
BRDA:360,1600,0,0
BRDA:345,1675,0,0
LF:201
LH:22
BRF:32
BRH:1
FNF:9
FNH:3
end_of_record
SF:c:\Projects\TransactionProcessing\EstateManagementUI\EstateManagementUI\ViewModels\LastSettlement.cs
FN:3,System.DateTime EstateManagementUI.ViewModels.LastSettlement::get_SettlementDate()
FNDA:0,System.DateTime EstateManagementUI.ViewModels.LastSettlement::get_SettlementDate()
DA:4,0
FN:4,System.Decimal EstateManagementUI.ViewModels.LastSettlement::get_SettlementSalesValue()
FNDA:0,System.Decimal EstateManagementUI.ViewModels.LastSettlement::get_SettlementSalesValue()
DA:5,0
FN:5,System.Decimal EstateManagementUI.ViewModels.LastSettlement::get_SettlementFeesValue()
FNDA:0,System.Decimal EstateManagementUI.ViewModels.LastSettlement::get_SettlementFeesValue()
DA:6,0
LF:3
LH:0
BRF:0
BRH:0
FNF:3
FNH:0
end_of_record
SF:c:\Projects\TransactionProcessing\EstateManagementUI\EstateManagementUI\ViewModels\ListModels.cs
FN:7,System.Collections.Generic.List`1<Microsoft.AspNetCore.Mvc.Rendering.SelectListItem> EstateManagementUI.ViewModels.MerchantListModel::get_Merchants()
FNDA:0,System.Collections.Generic.List`1<Microsoft.AspNetCore.Mvc.Rendering.SelectListItem> EstateManagementUI.ViewModels.MerchantListModel::get_Merchants()
DA:8,0
FN:9,System.String EstateManagementUI.ViewModels.MerchantListModel::get_MerchantId()
FNDA:0,System.String EstateManagementUI.ViewModels.MerchantListModel::get_MerchantId()
DA:10,0
FN:16,System.Nullable`1<System.DateTime> EstateManagementUI.ViewModels.DateModel::get_SelectedDate()
FNDA:0,System.Nullable`1<System.DateTime> EstateManagementUI.ViewModels.DateModel::get_SelectedDate()
DA:17,0
FN:21,System.Collections.Generic.List`1<Microsoft.AspNetCore.Mvc.Rendering.SelectListItem> EstateManagementUI.ViewModels.OperatorListModel::get_Operators()
FNDA:0,System.Collections.Generic.List`1<Microsoft.AspNetCore.Mvc.Rendering.SelectListItem> EstateManagementUI.ViewModels.OperatorListModel::get_Operators()
DA:22,0
FN:23,System.String EstateManagementUI.ViewModels.OperatorListModel::get_OperatorId()
FNDA:0,System.String EstateManagementUI.ViewModels.OperatorListModel::get_OperatorId()
DA:24,0
FN:28,System.Collections.Generic.List`1<Microsoft.AspNetCore.Mvc.Rendering.SelectListItem> EstateManagementUI.ViewModels.ComparisonDateListModel::get_Dates()
FNDA:0,System.Collections.Generic.List`1<Microsoft.AspNetCore.Mvc.Rendering.SelectListItem> EstateManagementUI.ViewModels.ComparisonDateListModel::get_Dates()
DA:29,0
FN:33,System.Collections.Generic.List`1<Microsoft.AspNetCore.Mvc.Rendering.SelectListItem> EstateManagementUI.ViewModels.SettlementScheduleListModel::get_SettlementSchedule()
FNDA:0,System.Collections.Generic.List`1<Microsoft.AspNetCore.Mvc.Rendering.SelectListItem> EstateManagementUI.ViewModels.SettlementScheduleListModel::get_SettlementSchedule()
DA:34,0
FN:35,System.Int32 EstateManagementUI.ViewModels.SettlementScheduleListModel::get_SettlementScheduleId()
FNDA:0,System.Int32 EstateManagementUI.ViewModels.SettlementScheduleListModel::get_SettlementScheduleId()
DA:36,0
FN:40,System.Collections.Generic.List`1<Microsoft.AspNetCore.Mvc.Rendering.SelectListItem> EstateManagementUI.ViewModels.ContractListModel::get_Contracts()
FNDA:0,System.Collections.Generic.List`1<Microsoft.AspNetCore.Mvc.Rendering.SelectListItem> EstateManagementUI.ViewModels.ContractListModel::get_Contracts()
DA:41,0
FN:42,System.String EstateManagementUI.ViewModels.ContractListModel::get_ContractId()
FNDA:0,System.String EstateManagementUI.ViewModels.ContractListModel::get_ContractId()
DA:43,0
LF:10
LH:0
BRF:0
BRH:0
FNF:10
FNH:0
end_of_record
SF:c:\Projects\TransactionProcessing\EstateManagementUI\EstateManagementUI\ViewModels\MerchantKpi.cs
FN:3,System.Int32 EstateManagementUI.ViewModels.MerchantKpi::get_MerchantsWithSaleInLastHour()
FNDA:0,System.Int32 EstateManagementUI.ViewModels.MerchantKpi::get_MerchantsWithSaleInLastHour()
DA:4,0
FN:5,System.Int32 EstateManagementUI.ViewModels.MerchantKpi::get_MerchantsWithNoSaleToday()
FNDA:0,System.Int32 EstateManagementUI.ViewModels.MerchantKpi::get_MerchantsWithNoSaleToday()
DA:6,0
FN:7,System.Int32 EstateManagementUI.ViewModels.MerchantKpi::get_MerchantsWithNoSaleInLast7Days()
FNDA:0,System.Int32 EstateManagementUI.ViewModels.MerchantKpi::get_MerchantsWithNoSaleInLast7Days()
DA:8,0
FN:12,System.String EstateManagementUI.ViewModels.TopBottomMerchant::get_MerchantName()
FNDA:0,System.String EstateManagementUI.ViewModels.TopBottomMerchant::get_MerchantName()
DA:13,0
FN:14,System.Decimal EstateManagementUI.ViewModels.TopBottomMerchant::get_SalesValue()
FNDA:0,System.Decimal EstateManagementUI.ViewModels.TopBottomMerchant::get_SalesValue()
DA:15,0
FN:19,System.String EstateManagementUI.ViewModels.TopBottomOperator::get_OperatorName()
FNDA:0,System.String EstateManagementUI.ViewModels.TopBottomOperator::get_OperatorName()
DA:20,0
FN:21,System.Decimal EstateManagementUI.ViewModels.TopBottomOperator::get_SalesValue()
FNDA:0,System.Decimal EstateManagementUI.ViewModels.TopBottomOperator::get_SalesValue()
DA:22,0
FN:26,System.String EstateManagementUI.ViewModels.TopBottomProduct::get_ProductName()
FNDA:0,System.String EstateManagementUI.ViewModels.TopBottomProduct::get_ProductName()
DA:27,0
FN:28,System.Decimal EstateManagementUI.ViewModels.TopBottomProduct::get_SalesValue()
FNDA:0,System.Decimal EstateManagementUI.ViewModels.TopBottomProduct::get_SalesValue()
DA:29,0
LF:9
LH:0
BRF:0
BRH:0
FNF:9
FNH:0
end_of_record
SF:c:\Projects\TransactionProcessing\EstateManagementUI\EstateManagementUI\ViewModels\TodaysSales.cs
FN:4,System.Decimal EstateManagementUI.ViewModels.TodaysSales::get_TodaysSalesValue()
FNDA:0,System.Decimal EstateManagementUI.ViewModels.TodaysSales::get_TodaysSalesValue()
DA:5,0
FN:5,System.String EstateManagementUI.ViewModels.TodaysSales::get_ComparisonLabel()
FNDA:0,System.String EstateManagementUI.ViewModels.TodaysSales::get_ComparisonLabel()
DA:6,0
FN:6,System.Decimal EstateManagementUI.ViewModels.TodaysSales::get_ComparisonSalesValue()
FNDA:0,System.Decimal EstateManagementUI.ViewModels.TodaysSales::get_ComparisonSalesValue()
DA:7,0
FN:7,System.Decimal EstateManagementUI.ViewModels.TodaysSales::get_Variance()
FNDA:0,System.Decimal EstateManagementUI.ViewModels.TodaysSales::get_Variance()
DA:8,0
LF:4
LH:0
BRF:0
BRH:0
FNF:4
FNH:0
end_of_record
SF:c:\Projects\TransactionProcessing\EstateManagementUI\EstateManagementUI\ViewModels\TodaysSalesCountByHour.cs
FN:4,System.Collections.Generic.List`1<EstateManagementUI.ViewModels.TodaysSalesCountByHourModel> EstateManagementUI.ViewModels.TodaysSalesCountByHour::get_Hours()
FNDA:0,System.Collections.Generic.List`1<EstateManagementUI.ViewModels.TodaysSalesCountByHourModel> EstateManagementUI.ViewModels.TodaysSalesCountByHour::get_Hours()
DA:5,0
LF:1
LH:0
BRF:0
BRH:0
FNF:1
FNH:0
end_of_record
SF:c:\Projects\TransactionProcessing\EstateManagementUI\EstateManagementUI\ViewModels\TodaysSalesCountByHourModel.cs
FN:4,System.Int32 EstateManagementUI.ViewModels.TodaysSalesCountByHourModel::get_Hour()
FNDA:0,System.Int32 EstateManagementUI.ViewModels.TodaysSalesCountByHourModel::get_Hour()
DA:5,0
FN:6,System.Int32 EstateManagementUI.ViewModels.TodaysSalesCountByHourModel::get_TodaysSalesCount()
FNDA:0,System.Int32 EstateManagementUI.ViewModels.TodaysSalesCountByHourModel::get_TodaysSalesCount()
DA:7,0
FN:8,System.Int32 EstateManagementUI.ViewModels.TodaysSalesCountByHourModel::get_ComparisonSalesCount()
FNDA:0,System.Int32 EstateManagementUI.ViewModels.TodaysSalesCountByHourModel::get_ComparisonSalesCount()
DA:9,0
LF:3
LH:0
BRF:0
BRH:0
FNF:3
FNH:0
end_of_record
SF:c:\Projects\TransactionProcessing\EstateManagementUI\EstateManagementUI\ViewModels\TodaysSalesValueByHour.cs
FN:4,System.Collections.Generic.List`1<EstateManagementUI.ViewModels.TodaysSalesValueByHourModel> EstateManagementUI.ViewModels.TodaysSalesValueByHour::get_Hours()
FNDA:0,System.Collections.Generic.List`1<EstateManagementUI.ViewModels.TodaysSalesValueByHourModel> EstateManagementUI.ViewModels.TodaysSalesValueByHour::get_Hours()
DA:5,0
LF:1
LH:0
BRF:0
BRH:0
FNF:1
FNH:0
end_of_record
SF:c:\Projects\TransactionProcessing\EstateManagementUI\EstateManagementUI\ViewModels\TodaysSalesValueByHourModel.cs
FN:4,System.Int32 EstateManagementUI.ViewModels.TodaysSalesValueByHourModel::get_Hour()
FNDA:0,System.Int32 EstateManagementUI.ViewModels.TodaysSalesValueByHourModel::get_Hour()
DA:5,0
FN:6,System.Decimal EstateManagementUI.ViewModels.TodaysSalesValueByHourModel::get_TodaysSalesValue()
FNDA:0,System.Decimal EstateManagementUI.ViewModels.TodaysSalesValueByHourModel::get_TodaysSalesValue()
DA:7,0
FN:8,System.Decimal EstateManagementUI.ViewModels.TodaysSalesValueByHourModel::get_ComparisonSalesValue()
FNDA:0,System.Decimal EstateManagementUI.ViewModels.TodaysSalesValueByHourModel::get_ComparisonSalesValue()
DA:9,0
LF:3
LH:0
BRF:0
BRH:0
FNF:3
FNH:0
end_of_record
SF:c:\Projects\TransactionProcessing\EstateManagementUI\EstateManagementUI\ViewModels\TodaysSettlement.cs
FN:4,System.Decimal EstateManagementUI.ViewModels.TodaysSettlement::get_TodaysSettlementValue()
FNDA:0,System.Decimal EstateManagementUI.ViewModels.TodaysSettlement::get_TodaysSettlementValue()
DA:5,0
FN:5,System.String EstateManagementUI.ViewModels.TodaysSettlement::get_ComparisonLabel()
FNDA:0,System.String EstateManagementUI.ViewModels.TodaysSettlement::get_ComparisonLabel()
DA:6,0
FN:6,System.Decimal EstateManagementUI.ViewModels.TodaysSettlement::get_ComparisonSettlementValue()
FNDA:0,System.Decimal EstateManagementUI.ViewModels.TodaysSettlement::get_ComparisonSettlementValue()
DA:7,0
FN:7,System.Decimal EstateManagementUI.ViewModels.TodaysSettlement::get_Variance()
FNDA:0,System.Decimal EstateManagementUI.ViewModels.TodaysSettlement::get_Variance()
DA:8,0
LF:4
LH:0
BRF:0
BRH:0
FNF:4
FNH:0
end_of_record
SF:c:\Projects\TransactionProcessing\EstateManagementUI\EstateManagementUI\Pages\Error.cshtml.cs
FN:10,System.String EstateManagementUI.Pages.ErrorModel::get_RequestId()
FNDA:0,System.String EstateManagementUI.Pages.ErrorModel::get_RequestId()
DA:11,0
FN:12,System.Boolean EstateManagementUI.Pages.ErrorModel::get_ShowRequestId()
FNDA:0,System.Boolean EstateManagementUI.Pages.ErrorModel::get_ShowRequestId()
DA:13,0
FN:22,System.Void EstateManagementUI.Pages.ErrorModel::OnGet()
FNDA:0,System.Void EstateManagementUI.Pages.ErrorModel::OnGet()
DA:23,0
DA:24,0
DA:25,0
BRDA:24,8,0,0
BRDA:24,8,1,0
BRDA:24,20,0,0
BRDA:24,20,1,0
FN:16,System.Void EstateManagementUI.Pages.ErrorModel::.ctor(Microsoft.Extensions.Logging.ILogger`1<EstateManagementUI.Pages.ErrorModel>)
FNDA:0,System.Void EstateManagementUI.Pages.ErrorModel::.ctor(Microsoft.Extensions.Logging.ILogger`1<EstateManagementUI.Pages.ErrorModel>)
DA:17,0
DA:18,0
DA:19,0
DA:20,0
LF:9
LH:0
BRF:4
BRH:0
FNF:4
FNH:0
end_of_record
SF:c:\Projects\TransactionProcessing\EstateManagementUI\EstateManagementUI\Pages\Index.cshtml.cs
FN:14,System.Void EstateManagementUI.Pages.IndexModel::OnGet()
FNDA:0,System.Void EstateManagementUI.Pages.IndexModel::OnGet()
DA:15,0
DA:17,0
FN:9,System.Void EstateManagementUI.Pages.IndexModel::.ctor()
FNDA:0,System.Void EstateManagementUI.Pages.IndexModel::.ctor()
DA:10,0
DA:11,0
DA:12,0
FN:18,System.Void EstateManagementUI.Pages.IndexModel/<LogIn>d__2::MoveNext()
FNDA:0,System.Void EstateManagementUI.Pages.IndexModel/<LogIn>d__2::MoveNext()
DA:19,0
DA:21,0
LF:7
LH:0
BRF:0
BRH:0
FNF:3
FNH:0
end_of_record
SF:c:\Projects\TransactionProcessing\EstateManagementUI\EstateManagementUI\Pages\Error.cshtml
FN:3,System.Void EstateManagementUI.Pages.Pages_Error/<ExecuteAsync>d__0::MoveNext()
FNDA:0,System.Void EstateManagementUI.Pages.Pages_Error/<ExecuteAsync>d__0::MoveNext()
DA:4,0
DA:10,0
DA:11,0
DA:15,0
BRDA:10,70,0,0
BRDA:10,70,1,0
LF:4
LH:0
BRF:2
BRH:0
FNF:1
FNH:0
end_of_record
SF:c:\Projects\TransactionProcessing\EstateManagementUI\EstateManagementUI\Pages\Index.cshtml
FN:3,System.Void EstateManagementUI.Pages.Pages_Index/<ExecuteAsync>d__0::MoveNext()
FNDA:0,System.Void EstateManagementUI.Pages.Pages_Index/<ExecuteAsync>d__0::MoveNext()
DA:4,0
DA:5,0
LF:2
LH:0
BRF:0
BRH:0
FNF:1
FNH:0
end_of_record
SF:c:\Projects\TransactionProcessing\EstateManagementUI\EstateManagementUI\Pages\_ViewStart.cshtml
FN:1,System.Void EstateManagementUI.Pages.Pages__ViewStart/<ExecuteAsync>d__0::MoveNext()
FNDA:0,System.Void EstateManagementUI.Pages.Pages__ViewStart/<ExecuteAsync>d__0::MoveNext()
DA:2,0
LF:1
LH:0
BRF:0
BRH:0
FNF:1
FNH:0
end_of_record
SF:c:\Projects\TransactionProcessing\EstateManagementUI\EstateManagementUI\Pages\Shared\TableDropdown.cshtml
FN:11,System.Void EstateManagementUI.Pages.Shared.Pages_Shared_TableDropdown/<ExecuteAsync>d__9::MoveNext()
FNDA:0,System.Void EstateManagementUI.Pages.Shared.Pages_Shared_TableDropdown/<ExecuteAsync>d__9::MoveNext()
DA:12,0
DA:13,0
DA:14,0
DA:15,0
DA:16,0
DA:17,0
DA:19,0
DA:20,0
DA:22,0
DA:23,0
DA:24,0
DA:25,0
DA:26,0
DA:27,0
BRDA:12,2008,1,0
BRDA:14,372,0,0
BRDA:17,550,0,0
BRDA:17,745,0,0
BRDA:17,745,1,0
BRDA:17,1020,0,0
BRDA:17,1020,1,0
BRDA:17,550,1,0
BRDA:20,1499,0,0
BRDA:20,1499,1,0
BRDA:20,1774,0,0
BRDA:20,1774,1,0
BRDA:14,372,1,0
BRDA:12,2008,0,0
LF:14
LH:0
BRF:14
BRH:0
FNF:1
FNH:0
end_of_record
SF:c:\Projects\TransactionProcessing\EstateManagementUI\EstateManagementUI\Pages\Shared\_Navigation.cshtml
FN:6,System.String EstateManagementUI.Pages.Shared.Pages_Shared__Navigation::<ExecuteAsync>g__GetCurrentPageClass|10_0(System.String)
FNDA:0,System.String EstateManagementUI.Pages.Shared.Pages_Shared__Navigation::<ExecuteAsync>g__GetCurrentPageClass|10_0(System.String)
DA:7,0
DA:8,0
DA:9,0
DA:10,0
BRDA:8,28,0,0
BRDA:8,28,1,0
BRDA:8,40,0,0
BRDA:8,40,1,0
BRDA:9,66,0,0
BRDA:9,66,1,0
FN:11,System.Void EstateManagementUI.Pages.Shared.Pages_Shared__Navigation/<<ExecuteAsync>g__RenderItem|10_1>d::MoveNext()
FNDA:0,System.Void EstateManagementUI.Pages.Shared.Pages_Shared__Navigation/<<ExecuteAsync>g__RenderItem|10_1>d::MoveNext()
DA:12,0
DA:13,0
DA:14,0
DA:15,0
DA:16,0
DA:19,0
DA:20,0
DA:21,0
DA:23,0
DA:52,0
BRDA:14,280,0,0
BRDA:14,280,1,0
BRDA:23,897,0,0
BRDA:23,897,1,0
FN:24,System.Void EstateManagementUI.Pages.Shared.Pages_Shared__Navigation/<>c__DisplayClass10_0/<<ExecuteAsync>b__2>d::MoveNext()
FNDA:0,System.Void EstateManagementUI.Pages.Shared.Pages_Shared__Navigation/<>c__DisplayClass10_0/<<ExecuteAsync>b__2>d::MoveNext()
DA:25,0
DA:29,0
DA:32,0
DA:35,0
DA:38,0
DA:41,0
DA:44,0
DA:47,0
BRDA:25,88,0,0
BRDA:25,101,0,0
BRDA:25,114,0,0
BRDA:25,127,0,0
BRDA:25,140,0,0
BRDA:25,88,1,0
BRDA:25,101,1,0
BRDA:25,114,1,0
BRDA:25,127,1,0
BRDA:25,140,1,0
BRDA:25,153,1,0
BRDA:25,153,0,0
BRDA:47,737,0,0
BRDA:47,737,1,0
FN:56,System.Void EstateManagementUI.Pages.Shared.Pages_Shared__Navigation/<ExecuteAsync>d__10::MoveNext()
FNDA:0,System.Void EstateManagementUI.Pages.Shared.Pages_Shared__Navigation/<ExecuteAsync>d__10::MoveNext()
DA:57,0
DA:58,0
DA:59,0
DA:60,0
DA:61,0
DA:62,0
DA:63,0
LF:29
LH:0
BRF:24
BRH:0
FNF:4
FNH:0
end_of_record
SF:c:\Projects\TransactionProcessing\EstateManagementUI\EstateManagementUI\Pages\Shared\Profile\ProfileDropdown.cshtml.cs
FN:14,System.Void EstateManagementUI.Pages.Shared.Profile.ProfileDropdown::.ctor(Microsoft.AspNetCore.Http.IHttpContextAccessor)
FNDA:0,System.Void EstateManagementUI.Pages.Shared.Profile.ProfileDropdown::.ctor(Microsoft.AspNetCore.Http.IHttpContextAccessor)
DA:15,0
DA:16,0
DA:17,0
FN:18,System.Void EstateManagementUI.Pages.Shared.Profile.ProfileDropdown/<SignOut>d__2::MoveNext()
FNDA:0,System.Void EstateManagementUI.Pages.Shared.Profile.ProfileDropdown/<SignOut>d__2::MoveNext()
DA:19,0
DA:20,0
DA:21,0
DA:22,0
LF:7
LH:0
BRF:0
BRH:0
FNF:2
FNH:0
end_of_record
SF:c:\Projects\TransactionProcessing\EstateManagementUI\EstateManagementUI\Pages\Shared\Profile\ProfileDropdown.cshtml
FN:3,System.Boolean EstateManagementUI.Pages.Shared.Profile.Pages_Shared_Profile_ProfileDropdown/<>c::<ExecuteAsync>b__8_0(System.Security.Claims.Claim)
FNDA:0,System.Boolean EstateManagementUI.Pages.Shared.Profile.Pages_Shared_Profile_ProfileDropdown/<>c::<ExecuteAsync>b__8_0(System.Security.Claims.Claim)
DA:4,0
FN:4,System.Boolean EstateManagementUI.Pages.Shared.Profile.Pages_Shared_Profile_ProfileDropdown/<>c::<ExecuteAsync>b__8_1(System.Security.Claims.Claim)
FNDA:0,System.Boolean EstateManagementUI.Pages.Shared.Profile.Pages_Shared_Profile_ProfileDropdown/<>c::<ExecuteAsync>b__8_1(System.Security.Claims.Claim)
DA:5,0
FN:8,System.Boolean EstateManagementUI.Pages.Shared.Profile.Pages_Shared_Profile_ProfileDropdown/<>c::<ExecuteAsync>b__8_2(System.Security.Claims.Claim)
FNDA:0,System.Boolean EstateManagementUI.Pages.Shared.Profile.Pages_Shared_Profile_ProfileDropdown/<>c::<ExecuteAsync>b__8_2(System.Security.Claims.Claim)
DA:9,0
FN:5,System.Void EstateManagementUI.Pages.Shared.Profile.Pages_Shared_Profile_ProfileDropdown/<ExecuteAsync>d__8::MoveNext()
FNDA:0,System.Void EstateManagementUI.Pages.Shared.Profile.Pages_Shared_Profile_ProfileDropdown/<ExecuteAsync>d__8::MoveNext()
DA:6,0
DA:8,0
DA:10,0
DA:11,0
DA:12,0
DA:13,0
DA:14,0
DA:15,0
DA:16,0
DA:17,0
DA:18,0
BRDA:10,263,0,0
BRDA:12,297,0,0
BRDA:12,297,1,0
BRDA:10,263,1,0
BRDA:18,643,0,0
BRDA:18,643,1,0
BRDA:18,1006,0,0
BRDA:18,1006,1,0
LF:14
LH:0
BRF:8
BRH:0
FNF:4
FNH:0
end_of_record
SF:c:\Projects\TransactionProcessing\EstateManagementUI\EstateManagementUI\Pages\Shared\Components\LoginButton.cshtml.cs
FN:9,System.Void EstateManagementUI.Pages.Shared.Components.LoginButton/<LogIn>d__0::MoveNext()
FNDA:0,System.Void EstateManagementUI.Pages.Shared.Components.LoginButton/<LogIn>d__0::MoveNext()
DA:10,0
DA:11,0
DA:12,0
LF:3
LH:0
BRF:0
BRH:0
FNF:1
FNH:0
end_of_record
SF:c:\Projects\TransactionProcessing\EstateManagementUI\EstateManagementUI\Pages\Shared\Components\Toasts.cshtml.cs
FN:8,System.Collections.Generic.List`1<EstateManagementUI.Pages.Shared.Components.Toasts/Toast> EstateManagementUI.Pages.Shared.Components.Toasts::get_ToastsList()
FNDA:0,System.Collections.Generic.List`1<EstateManagementUI.Pages.Shared.Components.Toasts/Toast> EstateManagementUI.Pages.Shared.Components.Toasts::get_ToastsList()
DA:9,0
FN:17,System.Void EstateManagementUI.Pages.Shared.Components.Toasts::Handle(EstateManagementUI.Pages.Shared.Components.ShowMessage)
FNDA:0,System.Void EstateManagementUI.Pages.Shared.Components.Toasts::Handle(EstateManagementUI.Pages.Shared.Components.ShowMessage)
DA:18,0
DA:19,0
DA:20,0
DA:21,0
DA:22,0
FN:24,System.Void EstateManagementUI.Pages.Shared.Components.Toasts::Handle(Hydro.UnhandledHydroError)
FNDA:0,System.Void EstateManagementUI.Pages.Shared.Components.Toasts::Handle(Hydro.UnhandledHydroError)
DA:25,0
DA:26,0
DA:27,0
DA:28,0
DA:29,0
BRDA:25,31,0,0
BRDA:25,31,1,0
FN:31,System.Void EstateManagementUI.Pages.Shared.Components.Toasts::Close(System.String)
FNDA:0,System.Void EstateManagementUI.Pages.Shared.Components.Toasts::Close(System.String)
DA:32,0
FN:10,System.Void EstateManagementUI.Pages.Shared.Components.Toasts::.ctor()
FNDA:0,System.Void EstateManagementUI.Pages.Shared.Components.Toasts::.ctor()
DA:11,0
DA:12,0
DA:13,0
DA:14,0
DA:15,0
FN:33,System.String EstateManagementUI.Pages.Shared.Components.Toasts/Toast::get_Id()
FNDA:0,System.String EstateManagementUI.Pages.Shared.Components.Toasts/Toast::get_Id()
DA:34,0
FN:41,System.String EstateManagementUI.Pages.Shared.Components.ShowMessage::get_Message()
FNDA:0,System.String EstateManagementUI.Pages.Shared.Components.ShowMessage::get_Message()
DA:42,0
LF:19
LH:0
BRF:2
BRH:0
FNF:7
FNH:0
end_of_record
SF:c:\Projects\TransactionProcessing\EstateManagementUI\EstateManagementUI\Pages\Shared\Components\Toasts.cshtml
FN:3,System.Void EstateManagementUI.Pages.Shared.Components.Pages_Shared_Components_Toasts/<ExecuteAsync>d__10::MoveNext()
[...]
DA:89,0
DA:91,0
DA:92,0
BRDA:78,535,1,0
BRDA:78,535,0,0
FN:95,System.Collections.Generic.List`1<EstateManagementUI.Controllers.Permission> EstateManagementUI.Controllers.RolePermissionsObject::get_PermissionsList()
FNDA:0,System.Collections.Generic.List`1<EstateManagementUI.Controllers.Permission> EstateManagementUI.Controllers.RolePermissionsObject::get_PermissionsList()
DA:96,0
FN:96,System.Collections.Generic.List`1<EstateManagementUI.BusinessLogic.PermissionService.Database.Entities.ApplicationSection> EstateManagementUI.Controllers.RolePermissionsObject::get_ApplicationSections()
FNDA:0,System.Collections.Generic.List`1<EstateManagementUI.BusinessLogic.PermissionService.Database.Entities.ApplicationSection> EstateManagementUI.Controllers.RolePermissionsObject::get_ApplicationSections()
DA:97,0
FN:100,EstateManagementUI.BusinessLogic.PermissionService.Database.Entities.ApplicationSection EstateManagementUI.Controllers.Permission::get_ApplicationSection()
FNDA:0,EstateManagementUI.BusinessLogic.PermissionService.Database.Entities.ApplicationSection EstateManagementUI.Controllers.Permission::get_ApplicationSection()
DA:101,0
FN:101,EstateManagementUI.BusinessLogic.PermissionService.Database.Entities.Function EstateManagementUI.Controllers.Permission::get_Function()
FNDA:0,EstateManagementUI.BusinessLogic.PermissionService.Database.Entities.Function EstateManagementUI.Controllers.Permission::get_Function()
DA:102,0
FN:102,System.Boolean EstateManagementUI.Controllers.Permission::get_HasAccess()
FNDA:0,System.Boolean EstateManagementUI.Controllers.Permission::get_HasAccess()
DA:103,0
FN:107,System.String EstateManagementUI.Controllers.AddUserToRole::get_RoleName()
FNDA:0,System.String EstateManagementUI.Controllers.AddUserToRole::get_RoleName()
DA:108,0
FN:108,System.String EstateManagementUI.Controllers.AddUserToRole::get_UserName()
FNDA:0,System.String EstateManagementUI.Controllers.AddUserToRole::get_UserName()
DA:109,0
FN:112,System.String EstateManagementUI.Controllers.RolePermissions::get_RoleName()
FNDA:0,System.String EstateManagementUI.Controllers.RolePermissions::get_RoleName()
DA:113,0
FN:113,System.Collections.Generic.List`1<System.ValueTuple`3<System.Int32,System.Int32,System.Boolean>> EstateManagementUI.Controllers.RolePermissions::get_NewPermissions()
FNDA:0,System.Collections.Generic.List`1<System.ValueTuple`3<System.Int32,System.Int32,System.Boolean>> EstateManagementUI.Controllers.RolePermissions::get_NewPermissions()
DA:114,0
LF:61
LH:0
BRF:10
BRH:0
FNF:15
FNH:0
end_of_record
SF:c:\Projects\TransactionProcessing\EstateManagementUI\EstateManagementUI\Common\ChartBuilder.cs
FN:198,System.String EstateManagementUI.Common.ChartBuilder::BuildLineChartOptions(System.Collections.Generic.List`1<System.String>,System.Collections.Generic.List`1<EstateManagementUI.Common.ChartBuilder/ChartObjects/Series`1<T>>,System.String,System.String,EstateManagementUI.Common.ChartBuilder/ChartObjects/JavaScriptFunction,EstateManagementUI.Common.ChartBuilder/ChartObjects/JavaScriptFunction)
FNDA:0,System.String EstateManagementUI.Common.ChartBuilder::BuildLineChartOptions(System.Collections.Generic.List`1<System.String>,System.Collections.Generic.List`1<EstateManagementUI.Common.ChartBuilder/ChartObjects/Series`1<T>>,System.String,System.String,EstateManagementUI.Common.ChartBuilder/ChartObjects/JavaScriptFunction,EstateManagementUI.Common.ChartBuilder/ChartObjects/JavaScriptFunction)
DA:199,0
DA:200,0
DA:201,0
DA:202,0
DA:203,0
DA:204,0
DA:205,0
DA:206,0
DA:207,0
DA:208,0
DA:209,0
DA:211,0
DA:213,0
DA:214,0
DA:215,0
DA:216,0
DA:217,0
DA:218,0
DA:219,0
DA:220,0
DA:222,0
DA:223,0
DA:224,0
DA:225,0
DA:227,0
DA:228,0
DA:229,0
BRDA:213,282,0,0
BRDA:213,282,1,0
BRDA:217,314,0,0
BRDA:217,314,1,0
FN:236,System.String EstateManagementUI.Common.ChartBuilder::BuildBarChartOptions(System.Collections.Generic.List`1<System.String>,System.Collections.Generic.List`1<EstateManagementUI.Common.ChartBuilder/ChartObjects/Series`1<T>>,System.String,System.String,EstateManagementUI.Common.ChartBuilder/ChartObjects/JavaScriptFunction,EstateManagementUI.Common.ChartBuilder/ChartObjects/JavaScriptFunction)
FNDA:0,System.String EstateManagementUI.Common.ChartBuilder::BuildBarChartOptions(System.Collections.Generic.List`1<System.String>,System.Collections.Generic.List`1<EstateManagementUI.Common.ChartBuilder/ChartObjects/Series`1<T>>,System.String,System.String,EstateManagementUI.Common.ChartBuilder/ChartObjects/JavaScriptFunction,EstateManagementUI.Common.ChartBuilder/ChartObjects/JavaScriptFunction)
DA:237,0
DA:238,0
DA:239,0
DA:240,0
DA:241,0
DA:242,0
DA:243,0
DA:244,0
DA:245,0
DA:246,0
DA:247,0
DA:248,0
DA:250,0
DA:251,0
DA:252,0
DA:253,0
DA:254,0
DA:255,0
DA:256,0
DA:257,0
DA:258,0
DA:259,0
DA:260,0
DA:262,0
DA:263,0
DA:264,0
DA:265,0
DA:266,0
DA:267,0
DA:268,0
DA:270,0
DA:271,0
DA:272,0
BRDA:250,282,0,0
BRDA:250,282,1,0
BRDA:257,340,0,0
BRDA:257,340,1,0
FN:14,System.String EstateManagementUI.Common.ChartBuilder/ChartObjects/Series`1::get_Name()
FNDA:0,System.String EstateManagementUI.Common.ChartBuilder/ChartObjects/Series`1::get_Name()
DA:15,0
FN:16,System.Collections.Generic.List`1<T> EstateManagementUI.Common.ChartBuilder/ChartObjects/Series`1::get_Data()
FNDA:0,System.Collections.Generic.List`1<T> EstateManagementUI.Common.ChartBuilder/ChartObjects/Series`1::get_Data()
DA:17,0
FN:22,System.Boolean EstateManagementUI.Common.ChartBuilder/ChartObjects/Zoom::get_Enabled()
FNDA:0,System.Boolean EstateManagementUI.Common.ChartBuilder/ChartObjects/Zoom::get_Enabled()
DA:23,0
FN:28,System.Int32 EstateManagementUI.Common.ChartBuilder/ChartObjects/Chart::get_Height()
FNDA:0,System.Int32 EstateManagementUI.Common.ChartBuilder/ChartObjects/Chart::get_Height()
DA:29,0
FN:30,System.String EstateManagementUI.Common.ChartBuilder/ChartObjects/Chart::get_Type()
FNDA:0,System.String EstateManagementUI.Common.ChartBuilder/ChartObjects/Chart::get_Type()
DA:31,0
FN:32,EstateManagementUI.Common.ChartBuilder/ChartObjects/Zoom EstateManagementUI.Common.ChartBuilder/ChartObjects/Chart::get_Zoom()
FNDA:0,EstateManagementUI.Common.ChartBuilder/ChartObjects/Zoom EstateManagementUI.Common.ChartBuilder/ChartObjects/Chart::get_Zoom()
DA:33,0
FN:38,System.Boolean EstateManagementUI.Common.ChartBuilder/ChartObjects/DataLabels::get_Enabled()
FNDA:0,System.Boolean EstateManagementUI.Common.ChartBuilder/ChartObjects/DataLabels::get_Enabled()
DA:39,0
FN:44,System.String EstateManagementUI.Common.ChartBuilder/ChartObjects/Stroke::get_Curve()
FNDA:0,System.String EstateManagementUI.Common.ChartBuilder/ChartObjects/Stroke::get_Curve()
DA:45,0
FN:50,System.Collections.Generic.List`1<System.String> EstateManagementUI.Common.ChartBuilder/ChartObjects/BarStroke::get_Colors()
FNDA:0,System.Collections.Generic.List`1<System.String> EstateManagementUI.Common.ChartBuilder/ChartObjects/BarStroke::get_Colors()
DA:51,0
FN:56,System.String EstateManagementUI.Common.ChartBuilder/ChartObjects/Title::get_Text()
FNDA:0,System.String EstateManagementUI.Common.ChartBuilder/ChartObjects/Title::get_Text()
DA:57,0
FN:58,System.String EstateManagementUI.Common.ChartBuilder/ChartObjects/Title::get_Align()
FNDA:0,System.String EstateManagementUI.Common.ChartBuilder/ChartObjects/Title::get_Align()
DA:59,0
FN:64,System.Collections.Generic.List`1<System.String> EstateManagementUI.Common.ChartBuilder/ChartObjects/Row::get_Colors()
FNDA:0,System.Collections.Generic.List`1<System.String> EstateManagementUI.Common.ChartBuilder/ChartObjects/Row::get_Colors()
DA:65,0
FN:66,System.Double EstateManagementUI.Common.ChartBuilder/ChartObjects/Row::get_Opacity()
FNDA:0,System.Double EstateManagementUI.Common.ChartBuilder/ChartObjects/Row::get_Opacity()
DA:67,0
FN:72,EstateManagementUI.Common.ChartBuilder/ChartObjects/Row EstateManagementUI.Common.ChartBuilder/ChartObjects/Grid::get_Row()
FNDA:0,EstateManagementUI.Common.ChartBuilder/ChartObjects/Row EstateManagementUI.Common.ChartBuilder/ChartObjects/Grid::get_Row()
DA:73,0
FN:78,System.Collections.Generic.List`1<System.String> EstateManagementUI.Common.ChartBuilder/ChartObjects/XAxis::get_Categories()
FNDA:0,System.Collections.Generic.List`1<System.String> EstateManagementUI.Common.ChartBuilder/ChartObjects/XAxis::get_Categories()
DA:79,0
FN:80,EstateManagementUI.Common.ChartBuilder/ChartObjects/Label EstateManagementUI.Common.ChartBuilder/ChartObjects/XAxis::get_Labels()
FNDA:0,EstateManagementUI.Common.ChartBuilder/ChartObjects/Label EstateManagementUI.Common.ChartBuilder/ChartObjects/XAxis::get_Labels()
DA:81,0
FN:86,EstateManagementUI.Common.ChartBuilder/ChartObjects/Label EstateManagementUI.Common.ChartBuilder/ChartObjects/YAxis::get_Labels()
FNDA:0,EstateManagementUI.Common.ChartBuilder/ChartObjects/Label EstateManagementUI.Common.ChartBuilder/ChartObjects/YAxis::get_Labels()
DA:87,0
FN:91,EstateManagementUI.Common.ChartBuilder/ChartObjects/JavaScriptFunction EstateManagementUI.Common.ChartBuilder/ChartObjects/Label::get_Formatter()
FNDA:0,EstateManagementUI.Common.ChartBuilder/ChartObjects/JavaScriptFunction EstateManagementUI.Common.ChartBuilder/ChartObjects/Label::get_Formatter()
DA:92,0
FN:96,System.String EstateManagementUI.Common.ChartBuilder/ChartObjects/JavaScriptFunction::get_Body()
FNDA:0,System.String EstateManagementUI.Common.ChartBuilder/ChartObjects/JavaScriptFunction::get_Body()
DA:97,0
FN:98,System.Void EstateManagementUI.Common.ChartBuilder/ChartObjects/JavaScriptFunction::.ctor(System.String)
FNDA:0,System.Void EstateManagementUI.Common.ChartBuilder/ChartObjects/JavaScriptFunction::.ctor(System.String)
DA:99,0
DA:100,0
DA:101,0
DA:102,0
FN:106,EstateManagementUI.Common.ChartBuilder/ChartObjects/Bar EstateManagementUI.Common.ChartBuilder/ChartObjects/PlotOptions::get_Bar()
FNDA:0,EstateManagementUI.Common.ChartBuilder/ChartObjects/Bar EstateManagementUI.Common.ChartBuilder/ChartObjects/PlotOptions::get_Bar()
DA:107,0
FN:111,System.Boolean EstateManagementUI.Common.ChartBuilder/ChartObjects/Bar::get_Horizontal()
FNDA:0,System.Boolean EstateManagementUI.Common.ChartBuilder/ChartObjects/Bar::get_Horizontal()
DA:112,0
FN:113,EstateManagementUI.Common.ChartBuilder/ChartObjects/DataLabels EstateManagementUI.Common.ChartBuilder/ChartObjects/Bar::get_DataLabels()
FNDA:0,EstateManagementUI.Common.ChartBuilder/ChartObjects/DataLabels EstateManagementUI.Common.ChartBuilder/ChartObjects/Bar::get_DataLabels()
DA:114,0
FN:119,System.Collections.Generic.List`1<EstateManagementUI.Common.ChartBuilder/ChartObjects/Series`1<T>> EstateManagementUI.Common.ChartBuilder/ChartObjects/BaseChartOptions`1::get_Series()
FNDA:0,System.Collections.Generic.List`1<EstateManagementUI.Common.ChartBuilder/ChartObjects/Series`1<T>> EstateManagementUI.Common.ChartBuilder/ChartObjects/BaseChartOptions`1::get_Series()
DA:120,0
FN:121,EstateManagementUI.Common.ChartBuilder/ChartObjects/Chart EstateManagementUI.Common.ChartBuilder/ChartObjects/BaseChartOptions`1::get_Chart()
FNDA:0,EstateManagementUI.Common.ChartBuilder/ChartObjects/Chart EstateManagementUI.Common.ChartBuilder/ChartObjects/BaseChartOptions`1::get_Chart()
DA:122,0
FN:123,EstateManagementUI.Common.ChartBuilder/ChartObjects/DataLabels EstateManagementUI.Common.ChartBuilder/ChartObjects/BaseChartOptions`1::get_DataLabels()
FNDA:0,EstateManagementUI.Common.ChartBuilder/ChartObjects/DataLabels EstateManagementUI.Common.ChartBuilder/ChartObjects/BaseChartOptions`1::get_DataLabels()
DA:124,0
FN:125,EstateManagementUI.Common.ChartBuilder/ChartObjects/Stroke EstateManagementUI.Common.ChartBuilder/ChartObjects/BaseChartOptions`1::get_Stroke()
FNDA:0,EstateManagementUI.Common.ChartBuilder/ChartObjects/Stroke EstateManagementUI.Common.ChartBuilder/ChartObjects/BaseChartOptions`1::get_Stroke()
DA:126,0
FN:127,EstateManagementUI.Common.ChartBuilder/ChartObjects/Title EstateManagementUI.Common.ChartBuilder/ChartObjects/BaseChartOptions`1::get_Title()
FNDA:0,EstateManagementUI.Common.ChartBuilder/ChartObjects/Title EstateManagementUI.Common.ChartBuilder/ChartObjects/BaseChartOptions`1::get_Title()
DA:128,0
FN:129,EstateManagementUI.Common.ChartBuilder/ChartObjects/XAxis EstateManagementUI.Common.ChartBuilder/ChartObjects/BaseChartOptions`1::get_XAxis()
FNDA:0,EstateManagementUI.Common.ChartBuilder/ChartObjects/XAxis EstateManagementUI.Common.ChartBuilder/ChartObjects/BaseChartOptions`1::get_XAxis()
DA:130,0
FN:131,EstateManagementUI.Common.ChartBuilder/ChartObjects/YAxis EstateManagementUI.Common.ChartBuilder/ChartObjects/BaseChartOptions`1::get_YAxis()
FNDA:0,EstateManagementUI.Common.ChartBuilder/ChartObjects/YAxis EstateManagementUI.Common.ChartBuilder/ChartObjects/BaseChartOptions`1::get_YAxis()
DA:132,0
FN:137,EstateManagementUI.Common.ChartBuilder/ChartObjects/Grid EstateManagementUI.Common.ChartBuilder/ChartObjects/LineChartOptions`1::get_Grid()
FNDA:0,EstateManagementUI.Common.ChartBuilder/ChartObjects/Grid EstateManagementUI.Common.ChartBuilder/ChartObjects/LineChartOptions`1::get_Grid()
DA:138,0
FN:143,EstateManagementUI.Common.ChartBuilder/ChartObjects/BarStroke EstateManagementUI.Common.ChartBuilder/ChartObjects/BarChartOptions`1::get_Stroke()
FNDA:0,EstateManagementUI.Common.ChartBuilder/ChartObjects/BarStroke EstateManagementUI.Common.ChartBuilder/ChartObjects/BarChartOptions`1::get_Stroke()
DA:144,0
FN:146,EstateManagementUI.Common.ChartBuilder/ChartObjects/PlotOptions EstateManagementUI.Common.ChartBuilder/ChartObjects/BarChartOptions`1::get_PlotOptions()
FNDA:0,EstateManagementUI.Common.ChartBuilder/ChartObjects/PlotOptions EstateManagementUI.Common.ChartBuilder/ChartObjects/BarChartOptions`1::get_PlotOptions()
DA:147,0
FN:276,System.Void EstateManagementUI.Common.ChartBuilder/JavaScriptFunctionConverter::WriteJson(Newtonsoft.Json.JsonWriter,System.Object,Newtonsoft.Json.JsonSerializer)
FNDA:0,System.Void EstateManagementUI.Common.ChartBuilder/JavaScriptFunctionConverter::WriteJson(Newtonsoft.Json.JsonWriter,System.Object,Newtonsoft.Json.JsonSerializer)
DA:277,0
DA:278,0
DA:279,0
DA:280,0
DA:281,0
DA:282,0
DA:283,0
BRDA:279,9,0,0
BRDA:279,9,1,0
BRDA:279,30,0,0
BRDA:279,30,1,0
FN:285,System.Object EstateManagementUI.Common.ChartBuilder/JavaScriptFunctionConverter::ReadJson(Newtonsoft.Json.JsonReader,System.Type,System.Object,Newtonsoft.Json.JsonSerializer)
FNDA:0,System.Object EstateManagementUI.Common.ChartBuilder/JavaScriptFunctionConverter::ReadJson(Newtonsoft.Json.JsonReader,System.Type,System.Object,Newtonsoft.Json.JsonSerializer)
DA:286,0
DA:288,0
FN:291,System.Boolean EstateManagementUI.Common.ChartBuilder/JavaScriptFunctionConverter::CanConvert(System.Type)
FNDA:0,System.Boolean EstateManagementUI.Common.ChartBuilder/JavaScriptFunctionConverter::CanConvert(System.Type)
DA:292,0
DA:293,0
DA:294,0
DA:295,0
DA:297,0
DA:298,0
BRDA:293,19,0,0
BRDA:293,19,1,0
FN:302,EstateManagementUI.Common.ChartBuilder/ChartObjects/JavaScriptFunction EstateManagementUI.Common.ChartBuilder/StandardJavascriptFunctions::get_CurrencyFormatter()
FNDA:0,EstateManagementUI.Common.ChartBuilder/ChartObjects/JavaScriptFunction EstateManagementUI.Common.ChartBuilder/StandardJavascriptFunctions::get_CurrencyFormatter()
DA:303,0
FN:304,EstateManagementUI.Common.ChartBuilder/ChartObjects/JavaScriptFunction EstateManagementUI.Common.ChartBuilder/StandardJavascriptFunctions::get_EmptyFunction()
FNDA:0,EstateManagementUI.Common.ChartBuilder/ChartObjects/JavaScriptFunction EstateManagementUI.Common.ChartBuilder/StandardJavascriptFunctions::get_EmptyFunction()
DA:305,0
LF:113
LH:0
BRF:14
BRH:0
FNF:40
FNH:0
end_of_record
SF:c:\Projects\TransactionProcessing\EstateManagementUI\EstateManagementUI\Common\Helpers.cs
FN:9,T EstateManagementUI.Common.Helpers::GetClaimValue(System.Security.Claims.ClaimsIdentity,System.String)
FNDA:0,T EstateManagementUI.Common.Helpers::GetClaimValue(System.Security.Claims.ClaimsIdentity,System.String)
DA:10,0
DA:11,0
DA:12,0
DA:15,0
DA:16,0
DA:17,0
BRDA:11,37,0,0
BRDA:11,37,1,0
FN:19,System.ValueTuple`2<System.String,System.String> EstateManagementUI.Common.Helpers::GetSecurityServiceAddresses(System.String,System.String,System.String)
FNDA:0,System.ValueTuple`2<System.String,System.String> EstateManagementUI.Common.Helpers::GetSecurityServiceAddresses(System.String,System.String,System.String)
DA:20,0
DA:21,0
DA:22,0
DA:23,0
DA:25,0
DA:26,0
DA:27,0
DA:28,0
DA:30,0
DA:31,0
DA:32,0
DA:33,0
DA:35,0
DA:37,0
DA:38,0
DA:39,0
DA:40,0
DA:41,0
DA:43,0
DA:44,0
DA:45,0
DA:46,0
DA:47,0
DA:49,0
DA:50,0
DA:51,0
DA:52,0
DA:53,0
DA:54,0
DA:55,0
DA:56,0
DA:58,0
DA:59,0
DA:61,0
DA:62,0
BRDA:25,60,0,0
BRDA:25,60,1,0
BRDA:30,81,0,0
BRDA:30,81,1,0
BRDA:39,134,1,0
BRDA:39,134,0,0
BRDA:45,282,1,0
BRDA:45,282,0,0
BRDA:49,410,0,0
BRDA:51,429,0,0
BRDA:51,429,1,0
BRDA:49,410,1,0
BRDA:53,454,0,0
BRDA:55,473,0,0
BRDA:55,473,1,0
BRDA:53,454,1,0
FN:64,System.Decimal EstateManagementUI.Common.Helpers::SafeDivision(System.Decimal,System.Decimal)
FNDA:0,System.Decimal EstateManagementUI.Common.Helpers::SafeDivision(System.Decimal,System.Decimal)
DA:65,0
DA:66,0
DA:67,0
BRDA:66,12,0,0
BRDA:66,12,1,0
FN:69,System.Void EstateManagementUI.Common.Helpers/<RenderKpiCardClass>d__4::MoveNext()
FNDA:0,System.Void EstateManagementUI.Common.Helpers/<RenderKpiCardClass>d__4::MoveNext()
DA:70,0
DA:71,0
DA:72,0
DA:73,0
DA:74,0
DA:75,0
DA:76,0
DA:77,0
DA:78,0
DA:79,0
DA:80,0
DA:81,0
DA:83,0
DA:84,0
DA:85,0
DA:86,0
DA:87,0
DA:88,0
DA:89,0
DA:90,0
DA:91,0
DA:93,0
DA:94,0
BRDA:72,23,0,0
BRDA:76,63,1,0
BRDA:76,63,0,0
BRDA:77,103,1,0
BRDA:77,103,0,0
BRDA:78,143,0,0
BRDA:78,166,1,0
BRDA:78,143,1,0
BRDA:78,166,0,0
BRDA:72,23,1,0
BRDA:86,238,1,0
BRDA:86,238,0,0
BRDA:87,278,1,0
BRDA:87,278,0,0
BRDA:88,318,0,0
BRDA:88,341,1,0
BRDA:88,318,1,0
BRDA:88,341,0,0
LF:67
LH:0
BRF:38
BRH:0
FNF:4
FNH:0
end_of_record
SF:c:\Projects\TransactionProcessing\EstateManagementUI\EstateManagementUI\Common\SecureHydroComponent.cs
FN:19,System.Void EstateManagementUI.Common.SecureHydroComponent::.ctor(System.String,System.String,EstateManagementUI.BusinessLogic.PermissionService.IPermissionsService)
FNDA:0,System.Void EstateManagementUI.Common.SecureHydroComponent::.ctor(System.String,System.String,EstateManagementUI.BusinessLogic.PermissionService.IPermissionsService)
DA:20,0
DA:21,0
DA:22,0
DA:23,0
DA:24,0
DA:25,0
DA:26,0
FN:56,System.Void EstateManagementUI.Common.SecureHydroComponent/<CanRenderButton>d__8::MoveNext()
FNDA:0,System.Void EstateManagementUI.Common.SecureHydroComponent/<CanRenderButton>d__8::MoveNext()
DA:57,0
DA:58,0
DA:59,0
DA:60,0
DA:61,0
FN:30,System.Void EstateManagementUI.Common.SecureHydroComponent/<PopulateTokenAndEstateId>d__6::MoveNext()
FNDA:0,System.Void EstateManagementUI.Common.SecureHydroComponent/<PopulateTokenAndEstateId>d__6::MoveNext()
DA:31,0
DA:32,0
DA:33,0
DA:35,0
DA:36,0
DA:37,0
BRDA:32,31,0,0
BRDA:32,31,1,0
BRDA:35,194,0,0
BRDA:35,194,1,0
FN:39,System.Void EstateManagementUI.Common.SecureHydroComponent/<RenderAsync>d__7::MoveNext()
FNDA:0,System.Void EstateManagementUI.Common.SecureHydroComponent/<RenderAsync>d__7::MoveNext()
DA:40,0
DA:41,0
DA:42,0
DA:43,0
DA:44,0
DA:45,0
DA:47,0
DA:48,0
DA:50,0
DA:51,0
DA:52,0
DA:54,0
DA:55,0
BRDA:43,227,0,0
BRDA:43,227,1,0
LF:31
LH:0
BRF:6
BRH:0
FNF:4
FNH:0
end_of_record
SF:c:\Projects\TransactionProcessing\EstateManagementUI\EstateManagementUI\Common\SecurePageModel.cs
FN:14,System.Void EstateManagementUI.Common.SecurePageModel::.ctor(EstateManagementUI.BusinessLogic.PermissionService.IPermissionsService,System.String,System.String)
FNDA:0,System.Void EstateManagementUI.Common.SecurePageModel::.ctor(EstateManagementUI.BusinessLogic.PermissionService.IPermissionsService,System.String,System.String)
DA:15,0
DA:16,0
DA:17,0
DA:18,0
DA:19,0
FN:21,System.Void EstateManagementUI.Common.SecurePageModel/<OnPageHandlerExecutionAsync>d__4::MoveNext()
FNDA:0,System.Void EstateManagementUI.Common.SecurePageModel/<OnPageHandlerExecutionAsync>d__4::MoveNext()
DA:22,0
DA:23,0
DA:25,0
DA:26,0
DA:27,0
DA:28,0
DA:29,0
DA:31,0
DA:32,0
DA:33,0
DA:34,0
DA:35,0
BRDA:25,212,0,0
BRDA:25,212,1,0
LF:17
LH:0
BRF:2
BRH:0
FNF:2
FNH:0
end_of_record